BEFORE CONNECT
Client ID: 1
Creating client fifos
Created client fifos
Opened server pipe: ../server/server_register_fifo
Sending connect message (81 bytes): op=1 req=[/tmp/1_request] notif=[/tmp/1_notification]
Sent connect message to server pipe
Closed server pipe: server_register_fifo
Opened notif pipe: /tmp/1_notification
Connect result: 0
AFTER CONNECT
Created receiver thread
RECEIVER THREAD STARTED
Receiving board update from notification fifo
Waiting for notification on fifo...
Read 25 bytes from notification fifo
Received board update notification
initial_bufer:4
:fim
OP_CODE: 4 Width: 10 Height: 10 Tempo: 100 Victory: 0 Game Over: 0 Accumulated Points: 0
XXXXXXXXXX
XC.......X
X........X
X........X
X........X
X...M...MX
X........X
X.......@X
X........X
XXXXXXXXXX
Receiving board update from notification fifo
Waiting for notification on fifo...
Read 25 bytes from notification fifo
Received board update notification
initial_bufer:4
:fim
OP_CODE: 4 Width: 10 Height: 10 Tempo: 100 Victory: 0 Game Over: 0 Accumulated Points: 0
XXXXXXXXXX
XC.......X
X........X
X........X
X........X
X...M...MX
X........X
X.......@X
X........X
XXXXXXXXXX
Receiving board update from notification fifo
Waiting for notification on fifo...
Read 25 bytes from notification fifo
Received board update notification
initial_bufer:4
:fim
OP_CODE: 4 Width: 10 Height: 10 Tempo: 100 Victory: 0 Game Over: 0 Accumulated Points: 0
XXXXXXXXXX
XC.......X
X........X
X........X
X...M....X
X.......MX
X........X
X.......@X
X........X
XXXXXXXXXX
Receiving board update from notification fifo
Waiting for notification on fifo...
Read 25 bytes from notification fifo
Received board update notification
initial_bufer:4
:fim
OP_CODE: 4 Width: 10 Height: 10 Tempo: 100 Victory: 0 Game Over: 0 Accumulated Points: 0
XXXXXXXXXX
XC.......X
X........X
X........X
X...M....X
X......M.X
X........X
X.......@X
X........X
XXXXXXXXXX
Receiving board update from notification fifo
Waiting for notification on fifo...
Read 25 bytes from notification fifo
Received board update notification
initial_bufer:4
:fim
OP_CODE: 4 Width: 10 Height: 10 Tempo: 100 Victory: 0 Game Over: 0 Accumulated Points: 0
XXXXXXXXXX
XC.......X
X........X
X...M....X
X........X
X.....M..X
X........X
X.......@X
X........X
XXXXXXXXXX
Receiving board update from notification fifo
Waiting for notification on fifo...
Read 25 bytes from notification fifo
Received board update notification
initial_bufer:4
:fim
OP_CODE: 4 Width: 10 Height: 10 Tempo: 100 Victory: 0 Game Over: 0 Accumulated Points: 0
XXXXXXXXXX
XC.......X
X........X
X...M....X
X........X
X.....M..X
X........X
X.......@X
X........X
XXXXXXXXXX
Receiving board update from notification fifo
Waiting for notification on fifo...
Command: S
Sending command to server: S
Opened req pipe: /tmp/1_request - play
Sending play message (2 bytes): op=3 command=S
Read 25 bytes from notification fifo
Received board update notification
initial_bufer:4
:fim
OP_CODE: 4 Width: 10 Height: 10 Tempo: 100 Victory: 0 Game Over: 0 Accumulated Points: 1
XXXXXXXXXX
X........X
XC.......X
X........X
X...M....X
X.....M..X
X........X
X.......@X
X........X
XXXXXXXXXX
Receiving board update from notification fifo
Waiting for notification on fifo...
Read 25 bytes from notification fifo
Received board update notification
initial_bufer:4
:fim
OP_CODE: 4 Width: 10 Height: 10 Tempo: 100 Victory: 0 Game Over: 0 Accumulated Points: 1
XXXXXXXXXX
X........X
XC.......X
X........X
X........X
X...M.M..X
X........X
X.......@X
X........X
XXXXXXXXXX
Receiving board update from notification fifo
Waiting for notification on fifo...
Command: S
Sending command to server: S
Sending play message (2 bytes): op=3 command=S
Read 25 bytes from notification fifo
Received board update notification
initial_bufer:4
:fim
OP_CODE: 4 Width: 10 Height: 10 Tempo: 100 Victory: 0 Game Over: 0 Accumulated Points: 2
XXXXXXXXXX
X........X
X .......X
XC.......X
X........X
X...M..M.X
X........X
X.......@X
X........X
XXXXXXXXXX
Receiving board update from notification fifo
Waiting for notification on fifo...
Command: S
Sending command to server: S
Sending play message (2 bytes): op=3 command=S
Read 25 bytes from notification fifo
Received board update notification
initial_bufer:4
:fim
OP_CODE: 4 Width: 10 Height: 10 Tempo: 100 Victory: 0 Game Over: 0 Accumulated Points: 2
XXXXXXXXXX
X........X
X .......X
XC.......X
X...M....X
X.......MX
X........X
X.......@X
X........X
XXXXXXXXXX
Receiving board update from notification fifo
Waiting for notification on fifo...
Read 25 bytes from notification fifo
Received board update notification
initial_bufer:4
:fim
OP_CODE: 4 Width: 10 Height: 10 Tempo: 100 Victory: 0 Game Over: 0 Accumulated Points: 3
XXXXXXXXXX
X........X
X .......X
X ..M....X
XC.......X
X......M.X
X........X
X.......@X
X........X
XXXXXXXXXX
Receiving board update from notification fifo
Waiting for notification on fifo...
Command: S
Sending command to server: S
Sending play message (2 bytes): op=3 command=S
Read 25 bytes from notification fifo
Received board update notification
initial_bufer:4
:fim
OP_CODE: 4 Width: 10 Height: 10 Tempo: 100 Victory: 0 Game Over: 0 Accumulated Points: 4
XXXXXXXXXX
X........X
X .......X
X ..M....X
X .......X
XC....M..X
X........X
X.......@X
X........X
XXXXXXXXXX
Receiving board update from notification fifo
Waiting for notification on fifo...
Command: S
Sending command to server: S
Sending play message (2 bytes): op=3 command=S
Read 25 bytes from notification fifo
Received board update notification
initial_bufer:4
:fim
OP_CODE: 4 Width: 10 Height: 10 Tempo: 100 Victory: 0 Game Over: 0 Accumulated Points: 4
XXXXXXXXXX
X........X
X .......X
X .......X
X ..M....X
XC.....M.X
X........X
X.......@X
X........X
XXXXXXXXXX
Receiving board update from notification fifo
Waiting for notification on fifo...
Read 25 bytes from notification fifo
Received board update notification
initial_bufer:4
:fim
OP_CODE: 4 Width: 10 Height: 10 Tempo: 100 Victory: 0 Game Over: 0 Accumulated Points: 5
XXXXXXXXXX
X........X
X .......X
X .......X
X ..M....X
X .....M.X
XC.......X
X.......@X
X........X
XXXXXXXXXX
Receiving board update from notification fifo
Waiting for notification on fifo...
Read 25 bytes from notification fifo
Received board update notification
initial_bufer:4
:fim
OP_CODE: 4 Width: 10 Height: 10 Tempo: 100 Victory: 0 Game Over: 0 Accumulated Points: 5
XXXXXXXXXX
X........X
X .......X
X .......X
X ..M....X
X .....M.X
XC.......X
X.......@X
X........X
XXXXXXXXXX
Receiving board update from notification fifo
Waiting for notification on fifo...
Command: S
Sending command to server: S
Sending play message (2 bytes): op=3 command=S
Read 25 bytes from notification fifo
Received board update notification
initial_bufer:4
:fim
OP_CODE: 4 Width: 10 Height: 10 Tempo: 100 Victory: 0 Game Over: 0 Accumulated Points: 6
XXXXXXXXXX
X........X
X .......X
X .......X
X .......X
X ..M...MX
X .......X
XC......@X
X........X
XXXXXXXXXX
Receiving board update from notification fifo
Waiting for notification on fifo...
Read 25 bytes from notification fifo
Received board update notification
initial_bufer:4
:fim
OP_CODE: 4 Width: 10 Height: 10 Tempo: 100 Victory: 0 Game Over: 0 Accumulated Points: 6
XXXXXXXXXX
X........X
X .......X
X .......X
X .......X
X ..M...MX
X .......X
XC......@X
X........X
XXXXXXXXXX
Receiving board update from notification fifo
Waiting for notification on fifo...
Command: S
Sending command to server: S
Sending play message (2 bytes): op=3 command=S
Read 25 bytes from notification fifo
Received board update notification
initial_bufer:4
:fim
OP_CODE: 4 Width: 10 Height: 10 Tempo: 100 Victory: 0 Game Over: 0 Accumulated Points: 7
XXXXXXXXXX
X........X
X .......X
X .......X
X ..M....X
X ......MX
X .......X
X ......@X
XC.......X
XXXXXXXXXX
Receiving board update from notification fifo
Waiting for notification on fifo...
Read 25 bytes from notification fifo
Received board update notification
initial_bufer:4
:fim
OP_CODE: 4 Width: 10 Height: 10 Tempo: 100 Victory: 0 Game Over: 0 Accumulated Points: 7
XXXXXXXXXX
X........X
X .......X
X .......X
X ..M....X
X .....M.X
X .......X
X ......@X
XC.......X
XXXXXXXXXX
Receiving board update from notification fifo
Waiting for notification on fifo...
Read 25 bytes from notification fifo
Received board update notification
initial_bufer:4
:fim
OP_CODE: 4 Width: 10 Height: 10 Tempo: 100 Victory: 0 Game Over: 0 Accumulated Points: 7
XXXXXXXXXX
X........X
X .......X
X ..M....X
X .......X
X ....M..X
X .......X
X ......@X
XC.......X
XXXXXXXXXX
Receiving board update from notification fifo
Waiting for notification on fifo...
Read 25 bytes from notification fifo
Received board update notification
initial_bufer:4
:fim
OP_CODE: 4 Width: 10 Height: 10 Tempo: 100 Victory: 0 Game Over: 0 Accumulated Points: 7
XXXXXXXXXX
X........X
X .......X
X .......X
X ..M....X
X .....M.X
X .......X
X ......@X
XC.......X
XXXXXXXXXX
Receiving board update from notification fifo
Waiting for notification on fifo...
Read 25 bytes from notification fifo
Received board update notification
initial_bufer:4
:fim
OP_CODE: 4 Width: 10 Height: 10 Tempo: 100 Victory: 0 Game Over: 0 Accumulated Points: 7
XXXXXXXXXX
X........X
X .......X
X .......X
X ..M....X
X ......MX
X .......X
X ......@X
XC.......X
XXXXXXXXXX
Receiving board update from notification fifo
Waiting for notification on fifo...
Read 25 bytes from notification fifo
Received board update notification
initial_bufer:4
:fim
OP_CODE: 4 Width: 10 Height: 10 Tempo: 100 Victory: 0 Game Over: 0 Accumulated Points: 7
XXXXXXXXXX
X........X
X .......X
X .......X
X .......X
X ..M..M.X
X .......X
X ......@X
XC.......X
XXXXXXXXXX
Receiving board update from notification fifo
Waiting for notification on fifo...
Read 25 bytes from notification fifo
Received board update notification
initial_bufer:4
:fim
OP_CODE: 4 Width: 10 Height: 10 Tempo: 100 Victory: 0 Game Over: 0 Accumulated Points: 7
XXXXXXXXXX
X........X
X .......X
X .......X
X ..M....X
X ....M..X
X .......X
X ......@X
XC.......X
XXXXXXXXXX
Receiving board update from notification fifo
Waiting for notification on fifo...
Command: G
Sending command to server: G
Sending play message (2 bytes): op=3 command=G
Read 25 bytes from notification fifo
Received board update notification
initial_bufer:4
:fim
OP_CODE: 4 Width: 10 Height: 10 Tempo: 100 Victory: 0 Game Over: 0 Accumulated Points: 7
XXXXXXXXXX
X........X
X .......X
X ..M....X
X .......X
X .....M.X
X .......X
X ......@X
XC.......X
XXXXXXXXXX
Receiving board update from notification fifo
Waiting for notification on fifo...
Read 25 bytes from notification fifo
Received board update notification
initial_bufer:4
:fim
OP_CODE: 4 Width: 10 Height: 10 Tempo: 100 Victory: 0 Game Over: 0 Accumulated Points: 7
XXXXXXXXXX
X........X
X .......X
X ..M....X
X .......X
X ......MX
X .......X
X ......@X
XC.......X
XXXXXXXXXX
Receiving board update from notification fifo
Waiting for notification on fifo...
Command: D
Sending command to server: D
Sending play message (2 bytes): op=3 command=D
Read 25 bytes from notification fifo
Received board update notification
initial_bufer:4
:fim
OP_CODE: 4 Width: 10 Height: 10 Tempo: 100 Victory: 0 Game Over: 0 Accumulated Points: 7
XXXXXXXXXX
X........X
X .......X
X ..M....X
X .......X
X .....M.X
X .......X
X ......@X
XC.......X
XXXXXXXXXX
Receiving board update from notification fifo
Waiting for notification on fifo...
Read 25 bytes from notification fifo
Received board update notification
initial_bufer:4
:fim
OP_CODE: 4 Width: 10 Height: 10 Tempo: 100 Victory: 0 Game Over: 0 Accumulated Points: 8
XXXXXXXXXX
X........X
X .......X
X .......X
X ..M....X
X ....M..X
X .......X
X ......@X
X C......X
XXXXXXXXXX
Receiving board update from notification fifo
Waiting for notification on fifo...
Read 25 bytes from notification fifo
Received board update notification
initial_bufer:4
:fim
OP_CODE: 4 Width: 10 Height: 10 Tempo: 100 Victory: 0 Game Over: 0 Accumulated Points: 8
XXXXXXXXXX
X........X
X .......X
X .......X
X ..M....X
X ....M..X
X .......X
X ......@X
X C......X
XXXXXXXXXX
Receiving board update from notification fifo
Waiting for notification on fifo...
Command: D
Sending command to server: D
Sending play message (2 bytes): op=3 command=D
Read 25 bytes from notification fifo
Received board update notification
initial_bufer:4
:fim
OP_CODE: 4 Width: 10 Height: 10 Tempo: 100 Victory: 0 Game Over: 0 Accumulated Points: 9
XXXXXXXXXX
X........X
X .......X
X .......X
X .......X
X ..M..M.X
X .......X
X ......@X
X  C.....X
XXXXXXXXXX
Receiving board update from notification fifo
Waiting for notification on fifo...
Read 25 bytes from notification fifo
Received board update notification
initial_bufer:4
:fim
OP_CODE: 4 Width: 10 Height: 10 Tempo: 100 Victory: 0 Game Over: 0 Accumulated Points: 9
XXXXXXXXXX
X........X
X .......X
X .......X
X .......X
X ..M..M.X
X .......X
X ......@X
X  C.....X
XXXXXXXXXX
Receiving board update from notification fifo
Waiting for notification on fifo...
Read 25 bytes from notification fifo
Received board update notification
initial_bufer:4
:fim
OP_CODE: 4 Width: 10 Height: 10 Tempo: 100 Victory: 0 Game Over: 0 Accumulated Points: 9
XXXXXXXXXX
X........X
X .......X
X .......X
X .......X
X ..M..M.X
X .......X
X ......@X
X  C.....X
XXXXXXXXXX
Receiving board update from notification fifo
Waiting for notification on fifo...
Command: D
Sending command to server: D
Sending play message (2 bytes): op=3 command=D
Read 25 bytes from notification fifo
Received board update notification
initial_bufer:4
:fim
OP_CODE: 4 Width: 10 Height: 10 Tempo: 100 Victory: 0 Game Over: 0 Accumulated Points: 10
XXXXXXXXXX
X........X
X .......X
X .......X
X .......X
X ..M..M.X
X .......X
X ......@X
X   C....X
XXXXXXXXXX
Receiving board update from notification fifo
Waiting for notification on fifo...
Read 25 bytes from notification fifo
Received board update notification
initial_bufer:4
:fim
OP_CODE: 4 Width: 10 Height: 10 Tempo: 100 Victory: 0 Game Over: 0 Accumulated Points: 10
XXXXXXXXXX
X........X
X .......X
X .......X
X .......X
X ..M...MX
X .......X
X ......@X
X   C....X
XXXXXXXXXX
Receiving board update from notification fifo
Waiting for notification on fifo...
Command: D
Sending command to server: D
Sending play message (2 bytes): op=3 command=D
Read 25 bytes from notification fifo
Received board update notification
initial_bufer:4
:fim
OP_CODE: 4 Width: 10 Height: 10 Tempo: 100 Victory: 0 Game Over: 0 Accumulated Points: 11
XXXXXXXXXX
X........X
X .......X
X .......X
X ..M....X
X .....M.X
X .......X
X ......@X
X    C...X
XXXXXXXXXX
Receiving board update from notification fifo
Waiting for notification on fifo...
Read 25 bytes from notification fifo
Received board update notification
initial_bufer:4
:fim
OP_CODE: 4 Width: 10 Height: 10 Tempo: 100 Victory: 0 Game Over: 0 Accumulated Points: 11
XXXXXXXXXX
X........X
X .......X
X .......X
X ..M....X
X .....M.X
X .......X
X ......@X
X    C...X
XXXXXXXXXX
Receiving board update from notification fifo
Waiting for notification on fifo...
Command: W
Sending command to server: W
Sending play message (2 bytes): op=3 command=W
Read 25 bytes from notification fifo
Received board update notification
initial_bufer:4
:fim
OP_CODE: 4 Width: 10 Height: 10 Tempo: 100 Victory: 0 Game Over: 0 Accumulated Points: 11
XXXXXXXXXX
X........X
X .......X
X ..M....X
X .......X
X .....M.X
X .......X
X ......@X
X    C...X
XXXXXXXXXX
Receiving board update from notification fifo
Waiting for notification on fifo...
Read 25 bytes from notification fifo
Received board update notification
initial_bufer:4
:fim
OP_CODE: 4 Width: 10 Height: 10 Tempo: 100 Victory: 0 Game Over: 0 Accumulated Points: 12
XXXXXXXXXX
X........X
X .......X
X ..M....X
X .......X
X ....M..X
X .......X
X ...C..@X
X     ...X
XXXXXXXXXX
Receiving board update from notification fifo
Waiting for notification on fifo...
Read 25 bytes from notification fifo
Received board update notification
initial_bufer:4
:fim
OP_CODE: 4 Width: 10 Height: 10 Tempo: 100 Victory: 0 Game Over: 0 Accumulated Points: 12
XXXXXXXXXX
X........X
X .......X
X ..M....X
X .......X
X ....M..X
X .......X
X ...C..@X
X     ...X
XXXXXXXXXX
Receiving board update from notification fifo
Waiting for notification on fifo...
Command: W
Sending command to server: W
Sending play message (2 bytes): op=3 command=W
Read 25 bytes from notification fifo
Received board update notification
initial_bufer:4
:fim
OP_CODE: 4 Width: 10 Height: 10 Tempo: 100 Victory: 0 Game Over: 0 Accumulated Points: 13
XXXXXXXXXX
X........X
X .......X
X .......X
X ..M....X
X .....M.X
X ...C...X
X ... ..@X
X     ...X
XXXXXXXXXX
Receiving board update from notification fifo
Waiting for notification on fifo...
Command: W
Sending command to server: W
Sending play message (2 bytes): op=3 command=W
Read 25 bytes from notification fifo
Received board update notification
initial_bufer:4
:fim
OP_CODE: 4 Width: 10 Height: 10 Tempo: 100 Victory: 0 Game Over: 0 Accumulated Points: 13
XXXXXXXXXX
X........X
X .......X
X .......X
X ..M....X
X ......MX
X ...C...X
X ... ..@X
X     ...X
XXXXXXXXXX
Receiving board update from notification fifo
Waiting for notification on fifo...
Read 25 bytes from notification fifo
Received board update notification
initial_bufer:4
:fim
OP_CODE: 4 Width: 10 Height: 10 Tempo: 100 Victory: 0 Game Over: 0 Accumulated Points: 14
XXXXXXXXXX
X........X
X .......X
X .......X
X .......X
X ..MC.M.X
X ... ...X
X ... ..@X
X     ...X
XXXXXXXXXX
Receiving board update from notification fifo
Waiting for notification on fifo...
Read 25 bytes from notification fifo
Received board update notification
initial_bufer:4
:fim
OP_CODE: 4 Width: 10 Height: 10 Tempo: 100 Victory: 0 Game Over: 0 Accumulated Points: 14
XXXXXXXXXX
X........X
X .......X
X .......X
X ..M....X
X ...C.M.X
X ... ...X
X ... ..@X
X     ...X
XXXXXXXXXX
Receiving board update from notification fifo
Waiting for notification on fifo...
Read 25 bytes from notification fifo
Received board update notification
initial_bufer:4
:fim
OP_CODE: 4 Width: 10 Height: 10 Tempo: 100 Victory: 0 Game Over: 0 Accumulated Points: 14
XXXXXXXXXX
X........X
X .......X
X ..M....X
X .......X
X ...C.M.X
X ... ...X
X ... ..@X
X     ...X
XXXXXXXXXX
Receiving board update from notification fifo
Waiting for notification on fifo...
Command: A
Sending command to server: A
Sending play message (2 bytes): op=3 command=A
Read 25 bytes from notification fifo
Received board update notification
initial_bufer:4
:fim
OP_CODE: 4 Width: 10 Height: 10 Tempo: 100 Victory: 0 Game Over: 0 Accumulated Points: 15
XXXXXXXXXX
X........X
X .......X
X .......X
X ..M....X
X ..C M..X
X ... ...X
X ... ..@X
X     ...X
XXXXXXXXXX
Receiving board update from notification fifo
Waiting for notification on fifo...
Read 25 bytes from notification fifo
Received board update notification
initial_bufer:4
:fim
OP_CODE: 4 Width: 10 Height: 10 Tempo: 100 Victory: 0 Game Over: 0 Accumulated Points: 7
XXXXXXXXXX
X........X
X .......X
X ..M....X
X .......X
X .....M.X
X .......X
X ......@X
XC.......X
XXXXXXXXXX
Receiving board update from notification fifo
Waiting for notification on fifo...
Read 25 bytes from notification fifo
Received board update notification
initial_bufer:4
:fim
OP_CODE: 4 Width: 10 Height: 10 Tempo: 100 Victory: 0 Game Over: 0 Accumulated Points: 7
XXXXXXXXXX
X........X
X .......X
X .......X
X ..M....X
X .....M.X
X .......X
X ......@X
XC.......X
XXXXXXXXXX
Receiving board update from notification fifo
Waiting for notification on fifo...
Read 25 bytes from notification fifo
Received board update notification
initial_bufer:4
:fim
OP_CODE: 4 Width: 10 Height: 10 Tempo: 100 Victory: 0 Game Over: 0 Accumulated Points: 7
XXXXXXXXXX
X........X
X .......X
X .......X
X .......X
X ..M...MX
X .......X
X ......@X
XC.......X
XXXXXXXXXX
Receiving board update from notification fifo
Waiting for notification on fifo...
Read 25 bytes from notification fifo
Received board update notification
initial_bufer:4
:fim
OP_CODE: 4 Width: 10 Height: 10 Tempo: 100 Victory: 0 Game Over: 0 Accumulated Points: 7
XXXXXXXXXX
X........X
X .......X
X .......X
X ..M....X
X ......MX
X .......X
X ......@X
XC.......X
XXXXXXXXXX
Receiving board update from notification fifo
Waiting for notification on fifo...
Read 25 bytes from notification fifo
Received board update notification
initial_bufer:4
:fim
OP_CODE: 4 Width: 10 Height: 10 Tempo: 100 Victory: 0 Game Over: 0 Accumulated Points: 7
XXXXXXXXXX
X........X
X .......X
X ..M....X
X .......X
X .....M.X
X .......X
X ......@X
XC.......X
XXXXXXXXXX
Receiving board update from notification fifo
Waiting for notification on fifo...
Read 25 bytes from notification fifo
Received board update notification
initial_bufer:4
:fim
OP_CODE: 4 Width: 10 Height: 10 Tempo: 100 Victory: 0 Game Over: 0 Accumulated Points: 7
XXXXXXXXXX
X........X
X .......X
X .......X
X ..M....X
X .....M.X
X .......X
X ......@X
XC.......X
XXXXXXXXXX
Receiving board update from notification fifo
Waiting for notification on fifo...
Read 25 bytes from notification fifo
Received board update notification
initial_bufer:4
:fim
OP_CODE: 4 Width: 10 Height: 10 Tempo: 100 Victory: 0 Game Over: 0 Accumulated Points: 7
XXXXXXXXXX
X........X
X .......X
X .......X
X ..M....X
X .....M.X
X .......X
X ......@X
XC.......X
XXXXXXXXXX
Receiving board update from notification fifo
Waiting for notification on fifo...
Read 25 bytes from notification fifo
Received board update notification
initial_bufer:4
:fim
OP_CODE: 4 Width: 10 Height: 10 Tempo: 100 Victory: 0 Game Over: 0 Accumulated Points: 7
XXXXXXXXXX
X........X
X .......X
X .......X
X .......X
X ..M.M..X
X .......X
X ......@X
XC.......X
XXXXXXXXXX
Receiving board update from notification fifo
Waiting for notification on fifo...
Read 25 bytes from notification fifo
Received board update notification
initial_bufer:4
:fim
OP_CODE: 4 Width: 10 Height: 10 Tempo: 100 Victory: 0 Game Over: 0 Accumulated Points: 7
XXXXXXXXXX
X........X
X .......X
X .......X
X ..M....X
X .....M.X
X .......X
X ......@X
XC.......X
XXXXXXXXXX
Receiving board update from notification fifo
Waiting for notification on fifo...
Read 25 bytes from notification fifo
Received board update notification
initial_bufer:4
:fim
OP_CODE: 4 Width: 10 Height: 10 Tempo: 100 Victory: 0 Game Over: 0 Accumulated Points: 7
XXXXXXXXXX
X........X
X .......X
X ..M....X
X .......X
X .....M.X
X .......X
X ......@X
XC.......X
XXXXXXXXXX
Receiving board update from notification fifo
Waiting for notification on fifo...
Read 25 bytes from notification fifo
Received board update notification
initial_bufer:4
:fim
OP_CODE: 4 Width: 10 Height: 10 Tempo: 100 Victory: 0 Game Over: 0 Accumulated Points: 7
XXXXXXXXXX
X........X
X .......X
X .......X
X ..M....X
X .....M.X
X .......X
X ......@X
XC.......X
XXXXXXXXXX
Receiving board update from notification fifo
Waiting for notification on fifo...
Read 25 bytes from notification fifo
Received board update notification
initial_bufer:4
:fim
OP_CODE: 4 Width: 10 Height: 10 Tempo: 100 Victory: 0 Game Over: 0 Accumulated Points: 7
XXXXXXXXXX
X........X
X .......X
X .......X
X ..M....X
X ......MX
X .......X
X ......@X
XC.......X
XXXXXXXXXX
Receiving board update from notification fifo
Waiting for notification on fifo...
Read 25 bytes from notification fifo
Received board update notification
initial_bufer:4
:fim
OP_CODE: 4 Width: 10 Height: 10 Tempo: 100 Victory: 0 Game Over: 0 Accumulated Points: 7
XXXXXXXXXX
X........X
X .......X
X .......X
X .......X
X ..M..M.X
X .......X
X ......@X
XC.......X
XXXXXXXXXX
Receiving board update from notification fifo
Waiting for notification on fifo...
Command: D
Sending command to server: D
Sending play message (2 bytes): op=3 command=D
Read 25 bytes from notification fifo
Received board update notification
initial_bufer:4
:fim
OP_CODE: 4 Width: 10 Height: 10 Tempo: 100 Victory: 0 Game Over: 0 Accumulated Points: 7
XXXXXXXXXX
X........X
X .......X
X .......X
X ..M....X
X ....M..X
X .......X
X ......@X
XC.......X
XXXXXXXXXX
Receiving board update from notification fifo
Waiting for notification on fifo...
Read 25 bytes from notification fifo
Received board update notification
initial_bufer:4
:fim
OP_CODE: 4 Width: 10 Height: 10 Tempo: 100 Victory: 0 Game Over: 0 Accumulated Points: 8
XXXXXXXXXX
X........X
X .......X
X .......X
X ..M....X
X .....M.X
X .......X
X ......@X
X C......X
XXXXXXXXXX
Receiving board update from notification fifo
Waiting for notification on fifo...
Command: D
Sending command to server: D
Sending play message (2 bytes): op=3 command=D
Read 25 bytes from notification fifo
Received board update notification
initial_bufer:4
:fim
OP_CODE: 4 Width: 10 Height: 10 Tempo: 100 Victory: 0 Game Over: 0 Accumulated Points: 9
XXXXXXXXXX
X........X
X .......X
X ..M....X
X .......X
X ......MX
X .......X
X ......@X
X  C.....X
XXXXXXXXXX
Receiving board update from notification fifo
Waiting for notification on fifo...
Command: D
Sending command to server: D
Sending play message (2 bytes): op=3 command=D
Read 25 bytes from notification fifo
Received board update notification
initial_bufer:4
:fim
OP_CODE: 4 Width: 10 Height: 10 Tempo: 100 Victory: 0 Game Over: 0 Accumulated Points: 9
XXXXXXXXXX
X........X
X .......X
X .......X
X ..M....X
X ......MX
X .......X
X ......@X
X  C.....X
XXXXXXXXXX
Receiving board update from notification fifo
Waiting for notification on fifo...
Read 25 bytes from notification fifo
Received board update notification
initial_bufer:4
:fim
OP_CODE: 4 Width: 10 Height: 10 Tempo: 100 Victory: 0 Game Over: 0 Accumulated Points: 10
XXXXXXXXXX
X........X
X .......X
X .......X
X .......X
X ..M..M.X
X .......X
X ......@X
X   C....X
XXXXXXXXXX
Receiving board update from notification fifo
Waiting for notification on fifo...
Command: D
Sending command to server: D
Sending play message (2 bytes): op=3 command=D
Read 25 bytes from notification fifo
Received board update notification
initial_bufer:4
:fim
OP_CODE: 4 Width: 10 Height: 10 Tempo: 100 Victory: 0 Game Over: 0 Accumulated Points: 11
XXXXXXXXXX
X........X
X .......X
X .......X
X ..M....X
X ....M..X
X .......X
X ......@X
X    C...X
XXXXXXXXXX
Receiving board update from notification fifo
Waiting for notification on fifo...
Read 25 bytes from notification fifo
Received board update notification
initial_bufer:4
:fim
OP_CODE: 4 Width: 10 Height: 10 Tempo: 100 Victory: 0 Game Over: 0 Accumulated Points: 11
XXXXXXXXXX
X........X
X .......X
X ..M....X
X .......X
X .....M.X
X .......X
X ......@X
X    C...X
XXXXXXXXXX
Receiving board update from notification fifo
Waiting for notification on fifo...
Command: D
Sending command to server: D
Sending play message (2 bytes): op=3 command=D
Read 25 bytes from notification fifo
Received board update notification
initial_bufer:4
:fim
OP_CODE: 4 Width: 10 Height: 10 Tempo: 100 Victory: 0 Game Over: 0 Accumulated Points: 12
XXXXXXXXXX
X........X
X .......X
X .......X
X ..M....X
X .....M.X
X .......X
X ......@X
X     C..X
XXXXXXXXXX
Receiving board update from notification fifo
Waiting for notification on fifo...
Command: D
Sending command to server: D
Sending play message (2 bytes): op=3 command=D
Read 25 bytes from notification fifo
Received board update notification
initial_bufer:4
:fim
OP_CODE: 4 Width: 10 Height: 10 Tempo: 100 Victory: 0 Game Over: 0 Accumulated Points: 13
XXXXXXXXXX
X........X
X .......X
X .......X
X .......X
X ..M..M.X
X .......X
X ......@X
X      C.X
XXXXXXXXXX
Receiving board update from notification fifo
Waiting for notification on fifo...
Command: D
Sending command to server: D
Sending play message (2 bytes): op=3 command=D
Read 25 bytes from notification fifo
Received board update notification
initial_bufer:4
:fim
OP_CODE: 4 Width: 10 Height: 10 Tempo: 100 Victory: 0 Game Over: 0 Accumulated Points: 13
XXXXXXXXXX
X........X
X .......X
X .......X
X .......X
X ..M...MX
X .......X
X ......@X
X      C.X
XXXXXXXXXX
Receiving board update from notification fifo
Waiting for notification on fifo...
Read 25 bytes from notification fifo
Received board update notification
initial_bufer:4
:fim
OP_CODE: 4 Width: 10 Height: 10 Tempo: 100 Victory: 0 Game Over: 0 Accumulated Points: 14
XXXXXXXXXX
X........X
X .......X
X .......X
X ..M....X
X .....M.X
X .......X
X ......@X
X       CX
XXXXXXXXXX
Receiving board update from notification fifo
Waiting for notification on fifo...
Read 25 bytes from notification fifo
Received board update notification
initial_bufer:4
:fim
OP_CODE: 4 Width: 10 Height: 10 Tempo: 100 Victory: 0 Game Over: 0 Accumulated Points: 14
XXXXXXXXXX
X........X
X .......X
X ..M....X
X .......X
X ....M..X
X .......X
X ......@X
X       CX
XXXXXXXXXX
Receiving board update from notification fifo
Waiting for notification on fifo...
Read 25 bytes from notification fifo
Received board update notification
initial_bufer:4
:fim
OP_CODE: 4 Width: 10 Height: 10 Tempo: 100 Victory: 0 Game Over: 0 Accumulated Points: 14
XXXXXXXXXX
X........X
X .......X
X ..M....X
X .......X
X ....M..X
X .......X
X ......@X
X       CX
XXXXXXXXXX
Receiving board update from notification fifo
Waiting for notification on fifo...
Read 25 bytes from notification fifo
Received board update notification
initial_bufer:4
:fim
OP_CODE: 4 Width: 10 Height: 10 Tempo: 100 Victory: 0 Game Over: 0 Accumulated Points: 14
XXXXXXXXXX
X........X
X .......X
X .......X
X ..M....X
X .....M.X
X .......X
X ......@X
X       CX
XXXXXXXXXX
Receiving board update from notification fifo
Waiting for notification on fifo...
Read 25 bytes from notification fifo
Received board update notification
initial_bufer:4
:fim
OP_CODE: 4 Width: 10 Height: 10 Tempo: 100 Victory: 0 Game Over: 0 Accumulated Points: 14
XXXXXXXXXX
X........X
X .......X
X .......X
X .......X
X ..M..M.X
X .......X
X ......@X
X       CX
XXXXXXXXXX
Receiving board update from notification fifo
Waiting for notification on fifo...
Read 25 bytes from notification fifo
Received board update notification
initial_bufer:4
:fim
OP_CODE: 4 Width: 10 Height: 10 Tempo: 100 Victory: 0 Game Over: 0 Accumulated Points: 14
XXXXXXXXXX
X........X
X .......X
X .......X
X .......X
X ..M..M.X
X .......X
X ......@X
X       CX
XXXXXXXXXX
Receiving board update from notification fifo
Waiting for notification on fifo...
Command: A
Sending command to server: A
Sending play message (2 bytes): op=3 command=A
Read 25 bytes from notification fifo
Received board update notification
initial_bufer:4
:fim
OP_CODE: 4 Width: 10 Height: 10 Tempo: 100 Victory: 0 Game Over: 0 Accumulated Points: 14
XXXXXXXXXX
X........X
X .......X
X .......X
X ..M....X
X ......MX
X .......X
X ......@X
X      C X
XXXXXXXXXX
Receiving board update from notification fifo
Waiting for notification on fifo...
Read 25 bytes from notification fifo
Received board update notification
initial_bufer:4
:fim
OP_CODE: 4 Width: 10 Height: 10 Tempo: 100 Victory: 0 Game Over: 0 Accumulated Points: 14
XXXXXXXXXX
X........X
X .......X
X ..M....X
X .......X
X ......MX
X .......X
X ......@X
X      C X
XXXXXXXXXX
Receiving board update from notification fifo
Waiting for notification on fifo...
Read 25 bytes from notification fifo
Received board update notification
initial_bufer:4
:fim
OP_CODE: 4 Width: 10 Height: 10 Tempo: 100 Victory: 0 Game Over: 0 Accumulated Points: 14
XXXXXXXXXX
X........X
X .......X
X ..M....X
X .......X
X .....M.X
X .......X
X ......@X
X      C X
XXXXXXXXXX
Receiving board update from notification fifo
Waiting for notification on fifo...
Read 25 bytes from notification fifo
Received board update notification
initial_bufer:4
:fim
OP_CODE: 4 Width: 10 Height: 10 Tempo: 100 Victory: 0 Game Over: 0 Accumulated Points: 14
XXXXXXXXXX
X........X
X .......X
X .......X
X ..M....X
X ....M..X
X .......X
X ......@X
X      C X
XXXXXXXXXX
Receiving board update from notification fifo
Waiting for notification on fifo...
Read 25 bytes from notification fifo
Received board update notification
initial_bufer:4
:fim
OP_CODE: 4 Width: 10 Height: 10 Tempo: 100 Victory: 0 Game Over: 0 Accumulated Points: 14
XXXXXXXXXX
X........X
X .......X
X .......X
X .......X
X ..M.M..X
X .......X
X ......@X
X      C X
XXXXXXXXXX
Receiving board update from notification fifo
Waiting for notification on fifo...
Command: W
Sending command to server: W
Sending play message (2 bytes): op=3 command=W
Read 25 bytes from notification fifo
Received board update notification
initial_bufer:4
:fim
OP_CODE: 4 Width: 10 Height: 10 Tempo: 100 Victory: 0 Game Over: 0 Accumulated Points: 14
XXXXXXXXXX
X........X
X .......X
X .......X
X ..M....X
X ....M..X
X .......X
X ......@X
X      C X
XXXXXXXXXX
Receiving board update from notification fifo
Waiting for notification on fifo...
Read 25 bytes from notification fifo
Received board update notification
initial_bufer:4
:fim
OP_CODE: 4 Width: 10 Height: 10 Tempo: 100 Victory: 0 Game Over: 0 Accumulated Points: 15
XXXXXXXXXX
X........X
X .......X
X .......X
X ..M....X
X .....M.X
X .......X
X .....C@X
X        X
XXXXXXXXXX
Receiving board update from notification fifo
Waiting for notification on fifo...
Read 25 bytes from notification fifo
Received board update notification
initial_bufer:4
:fim
OP_CODE: 4 Width: 10 Height: 10 Tempo: 100 Victory: 0 Game Over: 0 Accumulated Points: 15
XXXXXXXXXX
X........X
X .......X
X ..M....X
X .......X
X .....M.X
X .......X
X .....C@X
X        X
XXXXXXXXXX
Receiving board update from notification fifo
Waiting for notification on fifo...
Read 25 bytes from notification fifo
Received board update notification
initial_bufer:4
:fim
OP_CODE: 4 Width: 10 Height: 10 Tempo: 100 Victory: 0 Game Over: 0 Accumulated Points: 15
XXXXXXXXXX
X........X
X .......X
X .......X
X ..M....X
X ......MX
X .......X
X .....C@X
X        X
XXXXXXXXXX
Receiving board update from notification fifo
Waiting for notification on fifo...
Command: G
Sending command to server: G
Sending play message (2 bytes): op=3 command=G
Read 25 bytes from notification fifo
Received board update notification
initial_bufer:4
:fim
OP_CODE: 4 Width: 10 Height: 10 Tempo: 100 Victory: 0 Game Over: 0 Accumulated Points: 15
XXXXXXXXXX
X........X
X .......X
X .......X
X ..M....X
X ......MX
X .......X
X .....C@X
X        X
XXXXXXXXXX
Receiving board update from notification fifo
Waiting for notification on fifo...
Read 25 bytes from notification fifo
Received board update notification
initial_bufer:4
:fim
OP_CODE: 4 Width: 10 Height: 10 Tempo: 100 Victory: 0 Game Over: 0 Accumulated Points: 15
XXXXXXXXXX
X........X
X .......X
X .......X
X ..M....X
X ......MX
X .......X
X .....C@X
X        X
XXXXXXXXXX
Receiving board update from notification fifo
Waiting for notification on fifo...
Read 25 bytes from notification fifo
Received board update notification
initial_bufer:4
:fim
OP_CODE: 4 Width: 10 Height: 10 Tempo: 100 Victory: 0 Game Over: 0 Accumulated Points: 15
XXXXXXXXXX
X........X
X .......X
X .......X
X ..M....X
X ......MX
X .......X
X .....C@X
X        X
XXXXXXXXXX
Receiving board update from notification fifo
Waiting for notification on fifo...
Read 25 bytes from notification fifo
Received board update notification
initial_bufer:4
:fim
OP_CODE: 4 Width: 10 Height: 10 Tempo: 100 Victory: 0 Game Over: 0 Accumulated Points: 15
XXXXXXXXXX
X........X
X .......X
X .......X
X .......X
X ..M...MX
X .......X
X .....C@X
X        X
XXXXXXXXXX
Receiving board update from notification fifo
Waiting for notification on fifo...
Command: W
Sending command to server: W
Sending play message (2 bytes): op=3 command=W
Read 25 bytes from notification fifo
Received board update notification
initial_bufer:4
:fim
OP_CODE: 4 Width: 10 Height: 10 Tempo: 100 Victory: 0 Game Over: 0 Accumulated Points: 16
XXXXXXXXXX
X........X
X .......X
X .......X
X ..M....X
X .....M.X
X .....C.X
X ..... @X
X        X
XXXXXXXXXX
Receiving board update from notification fifo
Waiting for notification on fifo...
Read 25 bytes from notification fifo
Received board update notification
initial_bufer:4
:fim
OP_CODE: 4 Width: 10 Height: 10 Tempo: 100 Victory: 0 Game Over: 0 Accumulated Points: 16
XXXXXXXXXX
X........X
X .......X
X .......X
X ..M....X
X ....M..X
X .....C.X
X ..... @X
X        X
XXXXXXXXXX
Receiving board update from notification fifo
Waiting for notification on fifo...
Command: W
Sending command to server: W
Sending play message (2 bytes): op=3 command=W
Read 25 bytes from notification fifo
Received board update notification
initial_bufer:4
:fim
OP_CODE: 4 Width: 10 Height: 10 Tempo: 100 Victory: 0 Game Over: 0 Accumulated Points: 15
XXXXXXXXXX
X........X
X .......X
X .......X
X ..M....X
X ......MX
X .......X
X .....C@X
X        X
XXXXXXXXXX
Receiving board update from notification fifo
Waiting for notification on fifo...
Read 25 bytes from notification fifo
Received board update notification
initial_bufer:4
:fim
OP_CODE: 4 Width: 10 Height: 10 Tempo: 100 Victory: 0 Game Over: 0 Accumulated Points: 15
XXXXXXXXXX
X........X
X .......X
X .......X
X ..M....X
X ......MX
X .......X
X .....C@X
X        X
XXXXXXXXXX
Receiving board update from notification fifo
Waiting for notification on fifo...
Read 25 bytes from notification fifo
Received board update notification
initial_bufer:4
:fim
OP_CODE: 4 Width: 10 Height: 10 Tempo: 100 Victory: 0 Game Over: 0 Accumulated Points: 15
XXXXXXXXXX
X........X
X .......X
X .......X
X ..M....X
X ......MX
X .......X
X .....C@X
X        X
XXXXXXXXXX
Receiving board update from notification fifo
Waiting for notification on fifo...
Read 25 bytes from notification fifo
Received board update notification
initial_bufer:4
:fim
OP_CODE: 4 Width: 10 Height: 10 Tempo: 100 Victory: 0 Game Over: 0 Accumulated Points: 15
XXXXXXXXXX
X........X
X .......X
X .......X
X ..M....X
X .....M.X
X .......X
X .....C@X
X        X
XXXXXXXXXX
Receiving board update from notification fifo
Waiting for notification on fifo...
Read 25 bytes from notification fifo
Received board update notification
initial_bufer:4
:fim
OP_CODE: 4 Width: 10 Height: 10 Tempo: 100 Victory: 0 Game Over: 0 Accumulated Points: 15
XXXXXXXXXX
X........X
X .......X
X .......X
X .......X
X ..M..M.X
X .......X
X .....C@X
X        X
XXXXXXXXXX
Receiving board update from notification fifo
Waiting for notification on fifo...
Read 25 bytes from notification fifo
Received board update notification
initial_bufer:4
:fim
OP_CODE: 4 Width: 10 Height: 10 Tempo: 100 Victory: 0 Game Over: 0 Accumulated Points: 15
XXXXXXXXXX
X........X
X .......X
X .......X
X ..M....X
X ....M..X
X .......X
X .....C@X
X        X
XXXXXXXXXX
Receiving board update from notification fifo
Waiting for notification on fifo...
Read 25 bytes from notification fifo
Received board update notification
initial_bufer:4
:fim
OP_CODE: 4 Width: 10 Height: 10 Tempo: 100 Victory: 0 Game Over: 0 Accumulated Points: 15
XXXXXXXXXX
X........X
X .......X
X ..M....X
X .......X
X ....M..X
X .......X
X .....C@X
X        X
XXXXXXXXXX
Receiving board update from notification fifo
Waiting for notification on fifo...
Read 25 bytes from notification fifo
Received board update notification
initial_bufer:4
:fim
OP_CODE: 4 Width: 10 Height: 10 Tempo: 100 Victory: 0 Game Over: 0 Accumulated Points: 15
XXXXXXXXXX
X........X
X .......X
X ..M....X
X .......X
X ....M..X
X .......X
X .....C@X
X        X
XXXXXXXXXX
Receiving board update from notification fifo
Waiting for notification on fifo...
Read 25 bytes from notification fifo
Received board update notification
initial_bufer:4
:fim
OP_CODE: 4 Width: 10 Height: 10 Tempo: 100 Victory: 0 Game Over: 0 Accumulated Points: 15
XXXXXXXXXX
X........X
X .......X
X .......X
X ..M....X
X .....M.X
X .......X
X .....C@X
X        X
XXXXXXXXXX
Receiving board update from notification fifo
Waiting for notification on fifo...
Read 25 bytes from notification fifo
Received board update notification
initial_bufer:4
:fim
OP_CODE: 4 Width: 10 Height: 10 Tempo: 100 Victory: 0 Game Over: 0 Accumulated Points: 15
XXXXXXXXXX
X........X
X .......X
X .......X
X .......X
X ..M...MX
X .......X
X .....C@X
X        X
XXXXXXXXXX
Receiving board update from notification fifo
Waiting for notification on fifo...
Read 25 bytes from notification fifo
Received board update notification
initial_bufer:4
:fim
OP_CODE: 4 Width: 10 Height: 10 Tempo: 100 Victory: 0 Game Over: 0 Accumulated Points: 15
XXXXXXXXXX
X........X
X .......X
X .......X
X .......X
X ..M..M.X
X .......X
X .....C@X
X        X
XXXXXXXXXX
Receiving board update from notification fifo
Waiting for notification on fifo...
Read 25 bytes from notification fifo
Received board update notification
initial_bufer:4
:fim
OP_CODE: 4 Width: 10 Height: 10 Tempo: 100 Victory: 0 Game Over: 0 Accumulated Points: 15
XXXXXXXXXX
X........X
X .......X
X .......X
X .......X
X ..M..M.X
X .......X
X .....C@X
X        X
XXXXXXXXXX
Receiving board update from notification fifo
Waiting for notification on fifo...
Read 25 bytes from notification fifo
Received board update notification
initial_bufer:4
:fim
OP_CODE: 4 Width: 10 Height: 10 Tempo: 100 Victory: 0 Game Over: 0 Accumulated Points: 15
XXXXXXXXXX
X........X
X .......X
X .......X
X .......X
X ..M..M.X
X .......X
X .....C@X
X        X
XXXXXXXXXX
Receiving board update from notification fifo
Waiting for notification on fifo...
Read 25 bytes from notification fifo
Received board update notification
initial_bufer:4
:fim
OP_CODE: 4 Width: 10 Height: 10 Tempo: 100 Victory: 0 Game Over: 0 Accumulated Points: 15
XXXXXXXXXX
X........X
X .......X
X .......X
X ..M....X
X ....M..X
X .......X
X .....C@X
X        X
XXXXXXXXXX
Receiving board update from notification fifo
Waiting for notification on fifo...
Read 25 bytes from notification fifo
Received board update notification
initial_bufer:4
:fim
OP_CODE: 4 Width: 10 Height: 10 Tempo: 100 Victory: 0 Game Over: 0 Accumulated Points: 15
XXXXXXXXXX
X........X
X .......X
X .......X
X ..M....X
X .....M.X
X .......X
X .....C@X
X        X
XXXXXXXXXX
Receiving board update from notification fifo
Waiting for notification on fifo...
Read 25 bytes from notification fifo
Received board update notification
initial_bufer:4
:fim
OP_CODE: 4 Width: 10 Height: 10 Tempo: 100 Victory: 0 Game Over: 0 Accumulated Points: 15
XXXXXXXXXX
X........X
X .......X
X ..M....X
X .......X
X ......MX
X .......X
X .....C@X
X        X
XXXXXXXXXX
Receiving board update from notification fifo
Waiting for notification on fifo...
Read 25 bytes from notification fifo
Received board update notification
initial_bufer:4
:fim
OP_CODE: 4 Width: 10 Height: 10 Tempo: 100 Victory: 0 Game Over: 0 Accumulated Points: 15
XXXXXXXXXX
X........X
X .......X
X .......X
X ..M....X
X .....M.X
X .......X
X .....C@X
X        X
XXXXXXXXXX
Receiving board update from notification fifo
Waiting for notification on fifo...
Read 25 bytes from notification fifo
Received board update notification
initial_bufer:4
:fim
OP_CODE: 4 Width: 10 Height: 10 Tempo: 100 Victory: 0 Game Over: 0 Accumulated Points: 15
XXXXXXXXXX
X........X
X .......X
X .......X
X ..M....X
X ....M..X
X .......X
X .....C@X
X        X
XXXXXXXXXX
Receiving board update from notification fifo
Waiting for notification on fifo...
Read 25 bytes from notification fifo
Received board update notification
initial_bufer:4
:fim
OP_CODE: 4 Width: 10 Height: 10 Tempo: 100 Victory: 0 Game Over: 0 Accumulated Points: 15
XXXXXXXXXX
X........X
X .......X
X .......X
X ..M....X
X ....M..X
X .......X
X .....C@X
X        X
XXXXXXXXXX
Receiving board update from notification fifo
Waiting for notification on fifo...
