(client)(server)BEFORE CONNECT
Client ID: 1
Creating client fifos
Created client fifos
Opened server pipe: ../server/register_fifo
Sending connect message (81 bytes): op=1 req=[/tmp/1_request] notif=[/tmp/1_notification]
Sent connect message to server pipe
Closed server pipe: register_fifo
Opened notif pipe: /tmp/1_notification
Connect result: 0
(client)(server)AFTER CONNECT
(client)(server)Created receiver thread
(client)(server)RECEIVER THREAD STARTED
Receiving board update from notification fifo
Waiting for notification on fifo...
Read 25 bytes from notification fifo
Received board update notification
initial_bufer:4
:fim
OP_CODE: 4 Width: 10 Height: 10 Tempo: 50 Victory: 0 Game Over: 0 Accumulated Points: 0
XXXXXXXXXX
XC.......X
X........X
X........X
X........X
X...M...MX
X........X
X.......@X
X........X
XXXXXXXXXX
Receiving board update from notification fifo
Waiting for notification on fifo...
Read 25 bytes from notification fifo
Received board update notification
initial_bufer:4
:fim
OP_CODE: 4 Width: 10 Height: 10 Tempo: 50 Victory: 0 Game Over: 0 Accumulated Points: 0
XXXXXXXXXX
XC.......X
X........X
X........X
X........X
X...M...MX
X........X
X.......@X
X........X
XXXXXXXXXX
Receiving board update from notification fifo
Waiting for notification on fifo...
Read 25 bytes from notification fifo
Received board update notification
initial_bufer:4
:fim
OP_CODE: 4 Width: 10 Height: 10 Tempo: 50 Victory: 0 Game Over: 0 Accumulated Points: 0
XXXXXXXXXX
XC.......X
X........X
X........X
X...M....X
X......M.X
X........X
X.......@X
X........X
XXXXXXXXXX
Receiving board update from notification fifo
Waiting for notification on fifo...
Read 25 bytes from notification fifo
Received board update notification
initial_bufer:4
:fim
OP_CODE: 4 Width: 10 Height: 10 Tempo: 50 Victory: 0 Game Over: 0 Accumulated Points: 0
XXXXXXXXXX
XC.......X
X........X
X........X
X...M....X
X......M.X
X........X
X.......@X
X........X
XXXXXXXXXX
Receiving board update from notification fifo
Waiting for notification on fifo...
Read 25 bytes from notification fifo
Received board update notification
initial_bufer:4
:fim
OP_CODE: 4 Width: 10 Height: 10 Tempo: 50 Victory: 0 Game Over: 0 Accumulated Points: 0
XXXXXXXXXX
XC.......X
X........X
X...M....X
X........X
X.....M..X
X........X
X.......@X
X........X
XXXXXXXXXX
Receiving board update from notification fifo
Waiting for notification on fifo...
Read 25 bytes from notification fifo
Received board update notification
initial_bufer:4
:fim
OP_CODE: 4 Width: 10 Height: 10 Tempo: 50 Victory: 0 Game Over: 0 Accumulated Points: 0
XXXXXXXXXX
XC.......X
X........X
X...M....X
X........X
X.....M..X
X........X
X.......@X
X........X
XXXXXXXXXX
Receiving board update from notification fifo
Waiting for notification on fifo...
Read 25 bytes from notification fifo
Received board update notification
initial_bufer:4
:fim
OP_CODE: 4 Width: 10 Height: 10 Tempo: 50 Victory: 0 Game Over: 0 Accumulated Points: 0
XXXXXXXXXX
XC.......X
X........X
X...M....X
X........X
X.....M..X
X........X
X.......@X
X........X
XXXXXXXXXX
Receiving board update from notification fifo
Waiting for notification on fifo...
Read 25 bytes from notification fifo
Received board update notification
initial_bufer:4
:fim
OP_CODE: 4 Width: 10 Height: 10 Tempo: 50 Victory: 0 Game Over: 0 Accumulated Points: 0
XXXXXXXXXX
XC.......X
X........X
X...M....X
X........X
X......M.X
X........X
X.......@X
X........X
XXXXXXXXXX
Receiving board update from notification fifo
Waiting for notification on fifo...
Read 25 bytes from notification fifo
Received board update notification
initial_bufer:4
:fim
OP_CODE: 4 Width: 10 Height: 10 Tempo: 50 Victory: 0 Game Over: 0 Accumulated Points: 0
XXXXXXXXXX
XC.......X
X........X
X...M....X
X........X
X......M.X
X........X
X.......@X
X........X
XXXXXXXXXX
Receiving board update from notification fifo
Waiting for notification on fifo...
Read 25 bytes from notification fifo
Received board update notification
initial_bufer:4
:fim
OP_CODE: 4 Width: 10 Height: 10 Tempo: 50 Victory: 0 Game Over: 0 Accumulated Points: 0
XXXXXXXXXX
XC.......X
X........X
X........X
X...M....X
X.......MX
X........X
X.......@X
X........X
XXXXXXXXXX
Receiving board update from notification fifo
Waiting for notification on fifo...
Read 25 bytes from notification fifo
Received board update notification
initial_bufer:4
:fim
OP_CODE: 4 Width: 10 Height: 10 Tempo: 50 Victory: 0 Game Over: 0 Accumulated Points: 0
XXXXXXXXXX
XC.......X
X........X
X........X
X...M....X
X.......MX
X........X
X.......@X
X........X
XXXXXXXXXX
Receiving board update from notification fifo
Waiting for notification on fifo...
Read 25 bytes from notification fifo
Received board update notification
initial_bufer:4
:fim
OP_CODE: 4 Width: 10 Height: 10 Tempo: 50 Victory: 0 Game Over: 0 Accumulated Points: 0
XXXXXXXXXX
XC.......X
X........X
X........X
X........X
X...M..M.X
X........X
X.......@X
X........X
XXXXXXXXXX
Receiving board update from notification fifo
Waiting for notification on fifo...
Read 25 bytes from notification fifo
Received board update notification
initial_bufer:4
:fim
OP_CODE: 4 Width: 10 Height: 10 Tempo: 50 Victory: 0 Game Over: 0 Accumulated Points: 0
XXXXXXXXXX
XC.......X
X........X
X........X
X........X
X...M..M.X
X........X
X.......@X
X........X
XXXXXXXXXX
Receiving board update from notification fifo
Waiting for notification on fifo...
Read 25 bytes from notification fifo
Received board update notification
initial_bufer:4
:fim
OP_CODE: 4 Width: 10 Height: 10 Tempo: 50 Victory: 0 Game Over: 0 Accumulated Points: 0
XXXXXXXXXX
XC.......X
X........X
X........X
X........X
X...M.M..X
X........X
X.......@X
X........X
XXXXXXXXXX
Receiving board update from notification fifo
Waiting for notification on fifo...
Read 25 bytes from notification fifo
Received board update notification
initial_bufer:4
:fim
OP_CODE: 4 Width: 10 Height: 10 Tempo: 50 Victory: 0 Game Over: 0 Accumulated Points: 0
XXXXXXXXXX
XC.......X
X........X
X........X
X...M....X
X.....M..X
X........X
X.......@X
X........X
XXXXXXXXXX
Receiving board update from notification fifo
Waiting for notification on fifo...
Read 25 bytes from notification fifo
Received board update notification
initial_bufer:4
:fim
OP_CODE: 4 Width: 10 Height: 10 Tempo: 50 Victory: 0 Game Over: 0 Accumulated Points: 0
XXXXXXXXXX
XC.......X
X........X
X...M....X
X........X
X.....M..X
X........X
X.......@X
X........X
XXXXXXXXXX
Receiving board update from notification fifo
Waiting for notification on fifo...
Read 25 bytes from notification fifo
Received board update notification
initial_bufer:4
:fim
OP_CODE: 4 Width: 10 Height: 10 Tempo: 50 Victory: 0 Game Over: 0 Accumulated Points: 0
XXXXXXXXXX
XC.......X
X........X
X...M....X
X........X
X......M.X
X........X
X.......@X
X........X
XXXXXXXXXX
Receiving board update from notification fifo
Waiting for notification on fifo...
Read 25 bytes from notification fifo
Received board update notification
initial_bufer:4
:fim
OP_CODE: 4 Width: 10 Height: 10 Tempo: 50 Victory: 0 Game Over: 0 Accumulated Points: 0
XXXXXXXXXX
XC.......X
X........X
X...M....X
X........X
X......M.X
X........X
X.......@X
X........X
XXXXXXXXXX
Receiving board update from notification fifo
Waiting for notification on fifo...
Read 25 bytes from notification fifo
Received board update notification
initial_bufer:4
:fim
OP_CODE: 4 Width: 10 Height: 10 Tempo: 50 Victory: 0 Game Over: 0 Accumulated Points: 0
XXXXXXXXXX
XC.......X
X........X
X........X
X...M....X
X.......MX
X........X
X.......@X
X........X
XXXXXXXXXX
Receiving board update from notification fifo
Waiting for notification on fifo...
Read 25 bytes from notification fifo
Received board update notification
initial_bufer:4
:fim
OP_CODE: 4 Width: 10 Height: 10 Tempo: 50 Victory: 0 Game Over: 0 Accumulated Points: 0
XXXXXXXXXX
XC.......X
X........X
X........X
X...M....X
X......M.X
X........X
X.......@X
X........X
XXXXXXXXXX
Receiving board update from notification fifo
Waiting for notification on fifo...
Read 25 bytes from notification fifo
Received board update notification
initial_bufer:4
:fim
OP_CODE: 4 Width: 10 Height: 10 Tempo: 50 Victory: 0 Game Over: 0 Accumulated Points: 0
XXXXXXXXXX
XC.......X
X........X
X........X
X........X
X...M..M.X
X........X
X.......@X
X........X
XXXXXXXXXX
Receiving board update from notification fifo
Waiting for notification on fifo...
Read 25 bytes from notification fifo
Received board update notification
initial_bufer:4
:fim
OP_CODE: 4 Width: 10 Height: 10 Tempo: 50 Victory: 0 Game Over: 0 Accumulated Points: 0
XXXXXXXXXX
XC.......X
X........X
X........X
X...M....X
X.....M..X
X........X
X.......@X
X........X
XXXXXXXXXX
Receiving board update from notification fifo
Waiting for notification on fifo...
Read 25 bytes from notification fifo
Received board update notification
initial_bufer:4
:fim
OP_CODE: 4 Width: 10 Height: 10 Tempo: 50 Victory: 0 Game Over: 0 Accumulated Points: 0
XXXXXXXXXX
XC.......X
X........X
X........X
X...M....X
X.....M..X
X........X
X.......@X
X........X
XXXXXXXXXX
Receiving board update from notification fifo
Waiting for notification on fifo...
Read 25 bytes from notification fifo
Received board update notification
initial_bufer:4
:fim
OP_CODE: 4 Width: 10 Height: 10 Tempo: 50 Victory: 0 Game Over: 0 Accumulated Points: 0
XXXXXXXXXX
XC.......X
X........X
X...M....X
X........X
X.....M..X
X........X
X.......@X
X........X
XXXXXXXXXX
Receiving board update from notification fifo
Waiting for notification on fifo...
Read 25 bytes from notification fifo
Received board update notification
initial_bufer:4
:fim
OP_CODE: 4 Width: 10 Height: 10 Tempo: 50 Victory: 0 Game Over: 0 Accumulated Points: 0
XXXXXXXXXX
XC.......X
X........X
X...M....X
X........X
X......M.X
X........X
X.......@X
X........X
XXXXXXXXXX
Receiving board update from notification fifo
Waiting for notification on fifo...
Read 25 bytes from notification fifo
Received board update notification
initial_bufer:4
:fim
OP_CODE: 4 Width: 10 Height: 10 Tempo: 50 Victory: 0 Game Over: 0 Accumulated Points: 0
XXXXXXXXXX
XC.......X
X........X
X...M....X
X........X
X.......MX
X........X
X.......@X
X........X
XXXXXXXXXX
Receiving board update from notification fifo
Waiting for notification on fifo...
Read 25 bytes from notification fifo
Received board update notification
initial_bufer:4
:fim
OP_CODE: 4 Width: 10 Height: 10 Tempo: 50 Victory: 0 Game Over: 0 Accumulated Points: 0
XXXXXXXXXX
XC.......X
X........X
X...M....X
X........X
X.......MX
X........X
X.......@X
X........X
XXXXXXXXXX
Receiving board update from notification fifo
Waiting for notification on fifo...
Read 25 bytes from notification fifo
Received board update notification
initial_bufer:4
:fim
OP_CODE: 4 Width: 10 Height: 10 Tempo: 50 Victory: 0 Game Over: 0 Accumulated Points: 0
XXXXXXXXXX
XC.......X
X........X
X........X
X...M....X
X......M.X
X........X
X.......@X
X........X
XXXXXXXXXX
Receiving board update from notification fifo
Waiting for notification on fifo...
Read 25 bytes from notification fifo
Received board update notification
initial_bufer:4
:fim
OP_CODE: 4 Width: 10 Height: 10 Tempo: 50 Victory: 0 Game Over: 0 Accumulated Points: 0
XXXXXXXXXX
XC.......X
X........X
X........X
X...M....X
X......M.X
X........X
X.......@X
X........X
XXXXXXXXXX
Receiving board update from notification fifo
Waiting for notification on fifo...
Read 25 bytes from notification fifo
Received board update notification
initial_bufer:4
:fim
OP_CODE: 4 Width: 10 Height: 10 Tempo: 50 Victory: 0 Game Over: 0 Accumulated Points: 0
XXXXXXXXXX
XC.......X
X........X
X........X
X...M....X
X......M.X
X........X
X.......@X
X........X
XXXXXXXXXX
Receiving board update from notification fifo
Waiting for notification on fifo...
Read 25 bytes from notification fifo
Received board update notification
initial_bufer:4
:fim
OP_CODE: 4 Width: 10 Height: 10 Tempo: 50 Victory: 0 Game Over: 0 Accumulated Points: 0
XXXXXXXXXX
XC.......X
X........X
X........X
X........X
X...M.M..X
X........X
X.......@X
X........X
XXXXXXXXXX
Receiving board update from notification fifo
Waiting for notification on fifo...
Read 25 bytes from notification fifo
Received board update notification
initial_bufer:4
:fim
OP_CODE: 4 Width: 10 Height: 10 Tempo: 50 Victory: 0 Game Over: 0 Accumulated Points: 0
XXXXXXXXXX
XC.......X
X........X
X........X
X........X
X...M.M..X
X........X
X.......@X
X........X
XXXXXXXXXX
Receiving board update from notification fifo
Waiting for notification on fifo...
Read 25 bytes from notification fifo
Received board update notification
initial_bufer:4
:fim
OP_CODE: 4 Width: 10 Height: 10 Tempo: 50 Victory: 0 Game Over: 0 Accumulated Points: 0
XXXXXXXXXX
XC.......X
X........X
X........X
X...M....X
X......M.X
X........X
X.......@X
X........X
XXXXXXXXXX
Receiving board update from notification fifo
Waiting for notification on fifo...
Read 25 bytes from notification fifo
Received board update notification
initial_bufer:4
:fim
OP_CODE: 4 Width: 10 Height: 10 Tempo: 50 Victory: 0 Game Over: 0 Accumulated Points: 0
XXXXXXXXXX
XC.......X
X........X
X........X
X...M....X
X......M.X
X........X
X.......@X
X........X
XXXXXXXXXX
Receiving board update from notification fifo
Waiting for notification on fifo...
BEFORE CONNECT
Client ID: 1
Creating client fifos
Created client fifos
Opened server pipe: ../server/register_fifo
Sending connect message (81 bytes): op=1 req=[/tmp/1_request] notif=[/tmp/1_notification]
Sent connect message to server pipe
Closed server pipe: register_fifo
Opened notif pipe: /tmp/1_notification
Connect result: 0
AFTER CONNECT
Created receiver thread
RECEIVER THREAD STARTED
Receiving board update from notification fifo
Waiting for notification on fifo...
Read 25 bytes from notification fifo
Received board update notification
initial_bufer:4
:fim
OP_CODE: 4 Width: 10 Height: 10 Tempo: 50 Victory: 0 Game Over: 0 Accumulated Points: 0
XXXXXXXXXX
XC.......X
X........X
X........X
X........X
X...M...MX
X........X
X.......@X
X........X
XXXXXXXXXX
Receiving board update from notification fifo
Waiting for notification on fifo...
Read 25 bytes from notification fifo
Received board update notification
initial_bufer:4
:fim
OP_CODE: 4 Width: 10 Height: 10 Tempo: 50 Victory: 0 Game Over: 0 Accumulated Points: 0
XXXXXXXXXX
XC.......X
X........X
X...M....X
X........X
X......M.X
X........X
X.......@X
X........X
XXXXXXXXXX
Receiving board update from notification fifo
Waiting for notification on fifo...
Read 25 bytes from notification fifo
Received board update notification
initial_bufer:4
:fim
OP_CODE: 4 Width: 10 Height: 10 Tempo: 50 Victory: 0 Game Over: 0 Accumulated Points: 0
XXXXXXXXXX
XC.......X
X........X
X........X
X...M....X
X.....M..X
X........X
X.......@X
X........X
XXXXXXXXXX
Receiving board update from notification fifo
Waiting for notification on fifo...
Read 25 bytes from notification fifo
Received board update notification
initial_bufer:4
:fim
OP_CODE: 4 Width: 10 Height: 10 Tempo: 50 Victory: 0 Game Over: 0 Accumulated Points: 0
XXXXXXXXXX
XC.......X
X........X
X........X
X........X
X...M..M.X
X........X
X.......@X
X........X
XXXXXXXXXX
Receiving board update from notification fifo
Waiting for notification on fifo...
Read 25 bytes from notification fifo
Received board update notification
initial_bufer:4
:fim
OP_CODE: 4 Width: 10 Height: 10 Tempo: 50 Victory: 0 Game Over: 0 Accumulated Points: 0
XXXXXXXXXX
XC.......X
X........X
X........X
X...M....X
X.......MX
X........X
X.......@X
X........X
XXXXXXXXXX
Receiving board update from notification fifo
Waiting for notification on fifo...
Read 25 bytes from notification fifo
Received board update notification
initial_bufer:4
:fim
OP_CODE: 4 Width: 10 Height: 10 Tempo: 50 Victory: 0 Game Over: 0 Accumulated Points: 0
XXXXXXXXXX
XC.......X
X........X
X...M....X
X........X
X......M.X
X........X
X.......@X
X........X
XXXXXXXXXX
Receiving board update from notification fifo
Waiting for notification on fifo...
Read 25 bytes from notification fifo
Received board update notification
initial_bufer:4
:fim
OP_CODE: 4 Width: 10 Height: 10 Tempo: 50 Victory: 0 Game Over: 0 Accumulated Points: 0
XXXXXXXXXX
XC.......X
X........X
X........X
X...M....X
X.....M..X
X........X
X.......@X
X........X
XXXXXXXXXX
Receiving board update from notification fifo
Waiting for notification on fifo...
Read 25 bytes from notification fifo
Received board update notification
initial_bufer:4
:fim
OP_CODE: 4 Width: 10 Height: 10 Tempo: 50 Victory: 0 Game Over: 0 Accumulated Points: 0
XXXXXXXXXX
XC.......X
X........X
X........X
X........X
X...M..M.X
X........X
X.......@X
X........X
XXXXXXXXXX
Receiving board update from notification fifo
Waiting for notification on fifo...
Read 25 bytes from notification fifo
Received board update notification
initial_bufer:4
:fim
OP_CODE: 4 Width: 10 Height: 10 Tempo: 50 Victory: 0 Game Over: 0 Accumulated Points: 0
XXXXXXXXXX
XC.......X
X........X
X........X
X...M....X
X......M.X
X........X
X.......@X
X........X
XXXXXXXXXX
Receiving board update from notification fifo
Waiting for notification on fifo...
Read 25 bytes from notification fifo
Received board update notification
initial_bufer:4
:fim
OP_CODE: 4 Width: 10 Height: 10 Tempo: 50 Victory: 0 Game Over: 0 Accumulated Points: 0
XXXXXXXXXX
XC.......X
X........X
X...M....X
X........X
X.....M..X
X........X
X.......@X
X........X
XXXXXXXXXX
Receiving board update from notification fifo
Waiting for notification on fifo...
Read 25 bytes from notification fifo
Received board update notification
initial_bufer:4
:fim
OP_CODE: 4 Width: 10 Height: 10 Tempo: 50 Victory: 0 Game Over: 0 Accumulated Points: 0
XXXXXXXXXX
XC.......X
X........X
X........X
X...M....X
X......M.X
X........X
X.......@X
X........X
XXXXXXXXXX
Receiving board update from notification fifo
Waiting for notification on fifo...
Read 25 bytes from notification fifo
Received board update notification
initial_bufer:4
:fim
OP_CODE: 4 Width: 10 Height: 10 Tempo: 50 Victory: 0 Game Over: 0 Accumulated Points: 0
XXXXXXXXXX
XC.......X
X........X
X........X
X........X
X...M...MX
X........X
X.......@X
X........X
XXXXXXXXXX
Receiving board update from notification fifo
Waiting for notification on fifo...
Read 25 bytes from notification fifo
Received board update notification
initial_bufer:4
:fim
OP_CODE: 4 Width: 10 Height: 10 Tempo: 50 Victory: 0 Game Over: 0 Accumulated Points: 0
XXXXXXXXXX
XC.......X
X........X
X........X
X...M....X
X......M.X
X........X
X.......@X
X........X
XXXXXXXXXX
Receiving board update from notification fifo
Waiting for notification on fifo...
Read 25 bytes from notification fifo
Received board update notification
initial_bufer:4
:fim
OP_CODE: 4 Width: 10 Height: 10 Tempo: 50 Victory: 0 Game Over: 0 Accumulated Points: 0
XXXXXXXXXX
XC.......X
X........X
X...M....X
X........X
X.....M..X
X........X
X.......@X
X........X
XXXXXXXXXX
Receiving board update from notification fifo
Waiting for notification on fifo...
Read 25 bytes from notification fifo
Received board update notification
initial_bufer:4
:fim
OP_CODE: 4 Width: 10 Height: 10 Tempo: 50 Victory: 0 Game Over: 0 Accumulated Points: 0
XXXXXXXXXX
XC.......X
X........X
X........X
X...M....X
X......M.X
X........X
X.......@X
X........X
XXXXXXXXXX
Receiving board update from notification fifo
Waiting for notification on fifo...
Read 25 bytes from notification fifo
Received board update notification
initial_bufer:4
:fim
OP_CODE: 4 Width: 10 Height: 10 Tempo: 50 Victory: 0 Game Over: 0 Accumulated Points: 0
XXXXXXXXXX
XC.......X
X........X
X........X
X........X
X...M...MX
X........X
X.......@X
X........X
XXXXXXXXXX
Receiving board update from notification fifo
Waiting for notification on fifo...
Read 25 bytes from notification fifo
Received board update notification
initial_bufer:4
:fim
OP_CODE: 4 Width: 10 Height: 10 Tempo: 50 Victory: 0 Game Over: 0 Accumulated Points: 0
XXXXXXXXXX
XC.......X
X........X
X........X
X...M....X
X......M.X
X........X
X.......@X
X........X
XXXXXXXXXX
Receiving board update from notification fifo
Waiting for notification on fifo...
Read 25 bytes from notification fifo
Received board update notification
initial_bufer:4
:fim
OP_CODE: 4 Width: 10 Height: 10 Tempo: 50 Victory: 0 Game Over: 0 Accumulated Points: 0
XXXXXXXXXX
XC.......X
X........X
X...M....X
X........X
X.....M..X
X........X
X.......@X
X........X
XXXXXXXXXX
Receiving board update from notification fifo
Waiting for notification on fifo...
Read 25 bytes from notification fifo
Received board update notification
initial_bufer:4
:fim
OP_CODE: 4 Width: 10 Height: 10 Tempo: 50 Victory: 0 Game Over: 0 Accumulated Points: 0
XXXXXXXXXX
XC.......X
X........X
X........X
X...M....X
X......M.X
X........X
X.......@X
X........X
XXXXXXXXXX
Receiving board update from notification fifo
Waiting for notification on fifo...
Read 25 bytes from notification fifo
Received board update notification
initial_bufer:4
:fim
OP_CODE: 4 Width: 10 Height: 10 Tempo: 50 Victory: 0 Game Over: 0 Accumulated Points: 0
XXXXXXXXXX
XC.......X
X........X
X........X
X........X
X...M...MX
X........X
X.......@X
X........X
XXXXXXXXXX
Receiving board update from notification fifo
Waiting for notification on fifo...
Read 25 bytes from notification fifo
Received board update notification
initial_bufer:4
:fim
OP_CODE: 4 Width: 10 Height: 10 Tempo: 50 Victory: 0 Game Over: 0 Accumulated Points: 0
XXXXXXXXXX
XC.......X
X........X
X........X
X...M....X
X......M.X
X........X
X.......@X
X........X
XXXXXXXXXX
Receiving board update from notification fifo
Waiting for notification on fifo...
Read 25 bytes from notification fifo
Received board update notification
initial_bufer:4
:fim
OP_CODE: 4 Width: 10 Height: 10 Tempo: 50 Victory: 0 Game Over: 0 Accumulated Points: 0
XXXXXXXXXX
XC.......X
X........X
X...M....X
X........X
X.....M..X
X........X
X.......@X
X........X
XXXXXXXXXX
Receiving board update from notification fifo
Waiting for notification on fifo...
Read 25 bytes from notification fifo
Received board update notification
initial_bufer:4
:fim
OP_CODE: 4 Width: 10 Height: 10 Tempo: 50 Victory: 0 Game Over: 0 Accumulated Points: 0
XXXXXXXXXX
XC.......X
X........X
X........X
X...M....X
X......M.X
X........X
X.......@X
X........X
XXXXXXXXXX
Receiving board update from notification fifo
Waiting for notification on fifo...
Read 25 bytes from notification fifo
Received board update notification
initial_bufer:4
:fim
OP_CODE: 4 Width: 10 Height: 10 Tempo: 50 Victory: 0 Game Over: 0 Accumulated Points: 0
XXXXXXXXXX
XC.......X
X........X
X........X
X........X
X...M...MX
X........X
X.......@X
X........X
XXXXXXXXXX
Receiving board update from notification fifo
Waiting for notification on fifo...
Read 25 bytes from notification fifo
Received board update notification
initial_bufer:4
:fim
OP_CODE: 4 Width: 10 Height: 10 Tempo: 50 Victory: 0 Game Over: 0 Accumulated Points: 0
XXXXXXXXXX
XC.......X
X........X
X........X
X...M....X
X......M.X
X........X
X.......@X
X........X
XXXXXXXXXX
Receiving board update from notification fifo
Waiting for notification on fifo...
Read 25 bytes from notification fifo
Received board update notification
initial_bufer:4
:fim
OP_CODE: 4 Width: 10 Height: 10 Tempo: 50 Victory: 0 Game Over: 0 Accumulated Points: 0
XXXXXXXXXX
XC.......X
X........X
X...M....X
X........X
X.....M..X
X........X
X.......@X
X........X
XXXXXXXXXX
Receiving board update from notification fifo
Waiting for notification on fifo...
Read 25 bytes from notification fifo
Received board update notification
initial_bufer:4
:fim
OP_CODE: 4 Width: 10 Height: 10 Tempo: 50 Victory: 0 Game Over: 0 Accumulated Points: 0
XXXXXXXXXX
XC.......X
X........X
X........X
X...M....X
X......M.X
X........X
X.......@X
X........X
XXXXXXXXXX
Receiving board update from notification fifo
Waiting for notification on fifo...
Command: S
Sending command to server: S
Opened req pipe: /tmp/1_request - play
Sending play message (2 bytes): op=3 command=S
Read 25 bytes from notification fifo
Received board update notification
initial_bufer:4
:fim
OP_CODE: 4 Width: 10 Height: 10 Tempo: 50 Victory: 0 Game Over: 0 Accumulated Points: 0
XXXXXXXXXX
XC.......X
X........X
X........X
X........X
X...M...MX
X........X
X.......@X
X........X
XXXXXXXXXX
Receiving board update from notification fifo
Waiting for notification on fifo...
Read 25 bytes from notification fifo
Received board update notification
initial_bufer:4
:fim
OP_CODE: 4 Width: 10 Height: 10 Tempo: 50 Victory: 0 Game Over: 0 Accumulated Points: 0
XXXXXXXXXX
X........X
XC.......X
X........X
X...M....X
X......M.X
X........X
X.......@X
X........X
XXXXXXXXXX
Receiving board update from notification fifo
Waiting for notification on fifo...
Read 25 bytes from notification fifo
Received board update notification
initial_bufer:4
:fim
OP_CODE: 4 Width: 10 Height: 10 Tempo: 50 Victory: 0 Game Over: 0 Accumulated Points: 0
XXXXXXXXXX
X........X
XC.......X
X........X
X...M....X
X......M.X
X........X
X.......@X
X........X
XXXXXXXXXX
Receiving board update from notification fifo
Waiting for notification on fifo...
Read 25 bytes from notification fifo
Received board update notification
initial_bufer:4
:fim
OP_CODE: 4 Width: 10 Height: 10 Tempo: 50 Victory: 0 Game Over: 0 Accumulated Points: 1
XXXXXXXXXX
X........X
XC.......X
X........X
X...M....X
X......M.X
X........X
X.......@X
X........X
XXXXXXXXXX
Receiving board update from notification fifo
Waiting for notification on fifo...
Read 25 bytes from notification fifo
Received board update notification
initial_bufer:4
:fim
OP_CODE: 4 Width: 10 Height: 10 Tempo: 50 Victory: 0 Game Over: 0 Accumulated Points: 1
XXXXXXXXXX
X........X
XC.......X
X...M....X
X........X
X.....M..X
X........X
X.......@X
X........X
XXXXXXXXXX
Receiving board update from notification fifo
Waiting for notification on fifo...
Read 25 bytes from notification fifo
Received board update notification
initial_bufer:4
:fim
OP_CODE: 4 Width: 10 Height: 10 Tempo: 50 Victory: 0 Game Over: 0 Accumulated Points: 1
XXXXXXXXXX
X........X
XC.......X
X........X
X...M....X
X......M.X
X........X
X.......@X
X........X
XXXXXXXXXX
Receiving board update from notification fifo
Waiting for notification on fifo...
Read 25 bytes from notification fifo
Received board update notification
initial_bufer:4
:fim
OP_CODE: 4 Width: 10 Height: 10 Tempo: 50 Victory: 0 Game Over: 0 Accumulated Points: 1
XXXXXXXXXX
X........X
XC.......X
X........X
X...M....X
X......M.X
X........X
X.......@X
X........X
XXXXXXXXXX
Receiving board update from notification fifo
Waiting for notification on fifo...
Read 25 bytes from notification fifo
Received board update notification
initial_bufer:4
:fim
OP_CODE: 4 Width: 10 Height: 10 Tempo: 50 Victory: 0 Game Over: 0 Accumulated Points: 1
XXXXXXXXXX
X........X
XC.......X
X...M....X
X........X
X.....M..X
X........X
X.......@X
X........X
XXXXXXXXXX
Receiving board update from notification fifo
Waiting for notification on fifo...
Command: S
Sending command to server: S
Sending play message (2 bytes): op=3 command=S
Read 25 bytes from notification fifo
Received board update notification
initial_bufer:4
:fim
OP_CODE: 4 Width: 10 Height: 10 Tempo: 50 Victory: 0 Game Over: 0 Accumulated Points: 1
XXXXXXXXXX
X........X
X .......X
XC..M....X
X........X
X.....M..X
X........X
X.......@X
X........X
XXXXXXXXXX
Receiving board update from notification fifo
Waiting for notification on fifo...
Command: S
Sending command to server: S
Sending play message (2 bytes): op=3 command=S
