opening level dir: teste
BEFORE Creating session manager thread
BEFORE Creating session manager thread
BEFORE Creating session manager thread
unlink fifo: register_fifo
Creating register fifo: register_fifo
INDIVIDUAL SESSION THREAD
INDIVIDUAL SESSION THREAD
INDIVIDUAL SESSION THREAD
before read reg
!! NEW REGISTER MESSAGE!!: op_code=1 request=/tmp/1_request notification=/tmp/1_notification
!! New Client In Queue !!: resquest: /tmp/1_request  //  notif: /tmp/1_notification

new queue:
HEAD-> [0]: req=/tmp/1_request, notif=/tmp/1_notification;

before read reg
!! New Client Out of Queue!!: resquest: /tmp/1_request  //  notif: /tmp/1_notification
======================================
!! New Client Playing !!: resquest: /tmp/1_request  //  notif: /tmp/1_notification
Sending return message to connect (2 bytes): op=1 result=0
MON file: teste/monster1.m
MON file: teste/monster2.m
Creating threads
Created pacman thread
Created ghost threads
PACMAN THREAD
Sending update message to notifications (125 bytes): op=4 width=10 height=10 tempo: 300 victory: 0 game_over: 0 accumulated_points: 0
WWWWWWWWWW
WP       W
W        W
W        W
W        W
W   M  M W
W        W
W        W
W        W
WWWWWWWWWW
WRITING IN: 8
.OPCODE FROM PLAY 3
COMMAND FROM PLAY S
comand read
Receiving play message (2 bytes): op=3 command=S
KEY S
Pacman thread joined
Sending update message to notifications (125 bytes): op=4 width=10 height=10 tempo: 300 victory: 0 game_over: 0 accumulated_points: 0
WWWWWWWWWW
W        W
WP       W
W        W
W        W
W   M  M W
W        W
W        W
W        W
WWWWWWWWWW
WRITING IN: 8
.Sending update message to notifications (125 bytes): op=4 width=10 height=10 tempo: 300 victory: 0 game_over: 0 accumulated_points: 0
WWWWWWWWWW
W        W
WP       W
W        W
W        W
W   M  M W
W        W
W        W
W        W
WWWWWWWWWW
WRITING IN: 8
.Ghost threads joined
Freed ghost tids
Freed pacman arg
Freed ncurses arg
Freed pacman retval
Result from pacman thread: 0
Accumulated points: 1
Creating threads
Created pacman thread
Created ghost threads
PACMAN THREAD
OPCODE FROM PLAY 3
COMMAND FROM PLAY S
comand read
Receiving play message (2 bytes): op=3 command=S
KEY S
Pacman thread joined
Sending update message to notifications (125 bytes): op=4 width=10 height=10 tempo: 300 victory: 0 game_over: 0 accumulated_points: 1
WWWWWWWWWW
W        W
W        W
WP       W
W   M    W
W     M  W
W        W
W        W
W        W
WWWWWWWWWW
WRITING IN: 8
.Sending update message to notifications (125 bytes): op=4 width=10 height=10 tempo: 300 victory: 0 game_over: 0 accumulated_points: 1
WWWWWWWWWW
W        W
W        W
WP       W
W   M    W
W     M  W
W        W
W        W
W        W
WWWWWWWWWW
WRITING IN: 8
.Ghost threads joined
Freed ghost tids
Freed pacman arg
Freed ncurses arg
Freed pacman retval
Result from pacman thread: 0
Accumulated points: 2
Creating threads
Created pacman thread
Created ghost threads
PACMAN THREAD
Sending update message to notifications (125 bytes): op=4 width=10 height=10 tempo: 300 victory: 0 game_over: 0 accumulated_points: 2
WWWWOPCODE FROM PLAY 3
WCOMMAND FROM PLAY S
comand read
Receiving play message (2 bytes): op=3 command=S
KEY S
WWWWW
W        W
W        W
W        W
WP  M    W
W      M W
W        W
W        W
W        W
WWWWWWWWWW
WRITING IN: 8
.Pacman thread joined
Sending update message to notifications (125 bytes): op=4 width=10 height=10 tempo: 300 victory: 0 game_over: 0 accumulated_points: 2
WWWWWWWWWW
W        W
W        W
W        W
WP  M    W
W      M W
W        W
W        W
W        W
WWWWWWWWWW
WRITING IN: 8
.Ghost threads joined
Freed ghost tids
Freed pacman arg
Freed ncurses arg
Freed pacman retval
Result from pacman thread: 0
Accumulated points: 3
Creating threads
Created pacman thread
Created ghost threads
PACMAN THREAD
Sending update message to notifications (125 bytes): op=4 width=10 height=10 tempo: 300 victory: 0 game_over: 0 accumulated_points: 3
WWWWWWWWWW
W        W
W        W
W        W
WP  M    W
W      M W
W        W
W        W
W        W
WWWWWWWWWW
WRITING IN: 8
.OPCODE FROM PLAY 3
COMMAND FROM PLAY S
comand read
Receiving play message (2 bytes): op=3 command=S
KEY S
Pacman thread joined
Sending update message to notifications (125 bytes): op=4 width=10 height=10 tempo: 300 victory: 0 game_over: 0 accumulated_points: 3
WWWWWWWWWW
W        W
W        W
W        W
W   M    W
WP      MW
W        W
W        W
W        W
WWWWWWWWWW
WRITING IN: 8
.Sending update message to notifications (125 bytes): op=4 width=10 height=10 tempo: 300 victory: 0 game_over: 0 accumulated_points: 3
WWWWWWWWWW
W        W
W        W
W        W
W   M    W
WP      MW
W        W
W        W
W        W
WWWWWWWWWW
WRITING IN: 8
.Ghost threads joined
Freed ghost tids
Freed pacman arg
Freed ncurses arg
Freed pacman retval
Result from pacman thread: 0
Accumulated points: 4
Creating threads
Created pacman thread
Created ghost threads
PACMAN THREAD
OPCODE FROM PLAY 3
COMMAND FROM PLAY S
comand read
Receiving play message (2 bytes): op=3 command=S
KEY S
Pacman thread joined
Sending update message to notifications (125 bytes): op=4 width=10 height=10 tempo: 300 victory: 0 game_over: 0 accumulated_points: 4
WWWWWWWWWW
W        W
W        W
W        W
W   M    W
W       MW
WP       W
W        W
W        W
WWWWWWWWWW
WRITING IN: 8
.Ghost threads joined
Freed ghost tids
Freed pacman arg
Freed ncurses arg
Freed pacman retval
Result from pacman thread: 0
Accumulated points: 5
Creating threads
Created pacman thread
Created ghost threads
PACMAN THREAD
Sending update message to notifications (125 bytes): op=4 width=10 height=10 tempo: 300 victory: 0 game_over: 0 accumulated_points: 5
WWWWWWWWWW
W        W
W        W
W        W
W   M    W
W       MW
WP       W
W        W
W        W
WWWWWWWWWW
WRITING IN: 8
.OPCODE FROM PLAY 3
COMMAND FROM PLAY S
comand read
Receiving play message (2 bytes): op=3 command=S
KEY S
Pacman thread joined
Sending update message to notifications (125 bytes): op=4 width=10 height=10 tempo: 300 victory: 0 game_over: 0 accumulated_points: 5
WWWWWWWWWW
W        W
W        W
W        W
W   M    W
W       MW
W        W
WP       W
W        W
WWWWWWWWWW
WRITING IN: 8
.Ghost threads joined
Freed ghost tids
Freed pacman arg
Freed ncurses arg
Freed pacman retval
Result from pacman thread: 0
Accumulated points: 6
Creating threads
Created pacman thread
Created ghost threads
PACMAN THREAD
OPCODE FROM PLAY 3
COMMAND FROM PLAY S
comand read
Receiving play message (2 bytes): op=3 command=S
KEY S
Pacman thread joined
Sending update message to notifications (125 bytes): op=4 width=10 height=10 tempo: 300 victory: 0 game_over: 0 accumulated_points: 6
WWWWWWWWWW
W        W
W        W
W        W
W   M    W
W      M W
W        W
W        W
WP       W
WWWWWWWWWW
WRITING IN: 8
.Sending update message to notifications (125 bytes): op=4 width=10 height=10 tempo: 300 victory: 0 game_over: 0 accumulated_points: 6
WWWWWWWWWW
W        W
W        W
W        W
W   M    W
W      M W
W        W
W        W
WP       W
WWWWWWWWWW
WRITING IN: 8
.Ghost threads joined
Freed ghost tids
Freed pacman arg
Freed ncurses arg
Freed pacman retval
Result from pacman thread: 0
Accumulated points: 7
Creating threads
Created pacman thread
Created ghost threads
PACMAN THREAD
OPCODE FROM PLAY 3
COMMAND FROM PLAY S
comand read
Receiving play message (2 bytes): op=3 command=S
KEY S
Pacman thread joined
Sending update message to notifications (125 bytes): op=4 width=10 height=10 tempo: 300 victory: 0 game_over: 0 accumulated_points: 7
WWWWWWWWWW
W        W
W        W
W        W
W   M    W
W      M W
W        W
W        W
WP       W
WWWWWWWWWW
WRITING IN: 8
.Sending update message to notifications (125 bytes): op=4 width=10 height=10 tempo: 300 victory: 0 game_over: 0 accumulated_points: 7
WWWWWWWWWW
W        W
W        W
W        W
W   M    W
W      M W
W        W
W        W
WP       W
WWWWWWWWWW
WRITING IN: 8
.Ghost threads joined
Freed ghost tids
Freed pacman arg
Freed ncurses arg
Freed pacman retval
Result from pacman thread: 0
Accumulated points: 7
Creating threads
Created pacman thread
Created ghost threads
PACMAN THREAD
OPCODE FROM PLAY 3
COMMAND FROM PLAY S
comand read
Receiving play message (2 bytes): op=3 command=S
KEY S
Pacman thread joined
Sending update message to notifications (125 bytes): op=4 width=10 height=10 tempo: 300 victory: 0 game_over: 0 accumulated_points: 7
WWWWWWWWWW
W        W
W        W
W        W
W   M    W
W      M W
W        W
W        W
WP       W
WWWWWWWWWW
WRITING IN: 8
.Sending update message to notifications (125 bytes): op=4 width=10 height=10 tempo: 300 victory: 0 game_over: 0 accumulated_points: 7
WWWWWWWWWW
W        W
W        W
W        W
W   M    W
W      M W
W        W
W        W
WP       W
WWWWWWWWWW
WRITING IN: 8
.Ghost threads joined
Freed ghost tids
Freed pacman arg
Freed ncurses arg
Freed pacman retval
Result from pacman thread: 0
Accumulated points: 7
Creating threads
Created pacman thread
Created ghost threads
PACMAN THREAD
OPCODE FROM PLAY 3
COMMAND FROM PLAY D
comand read
Receiving play message (2 bytes): op=3 command=D
KEY D
Pacman thread joined
Sending update message to notifications (125 bytes): op=4 width=10 height=10 tempo: 300 victory: 0 game_over: 0 accumulated_points: 7
WWWWWWWWWW
W        W
W        W
W        W
W   M    W
W      M W
W        W
W        W
W P      W
WWWWWWWWWW
WRITING IN: 8
.Sending update message to notifications (125 bytes): op=4 width=10 height=10 tempo: 300 victory: 0 game_over: 0 accumulated_points: 7
WWWWWWWWWW
W        W
W        W
W        W
W   M    W
W      M W
W        W
W        W
W P      W
WWWWWWWWWW
WRITING IN: 8
.Ghost threads joined
Freed ghost tids
Freed pacman arg
Freed ncurses arg
Freed pacman retval
Result from pacman thread: 0
Accumulated points: 8
Creating threads
Created pacman thread
Created ghost threads
PACMAN THREAD
OPCODE FROM PLAY 3
COMMAND FROM PLAY W
comand read
Receiving play message (2 bytes): op=3 command=W
KEY W
Pacman thread joined
Sending update message to notifications (125 bytes): op=4 width=10 height=10 tempo: 300 victory: 0 game_over: 0 accumulated_points: 8
WWWWWWWWWW
W        W
W        W
W   M    W
W        W
W      M W
W        W
W P      W
W        W
WWWWWWWWWW
WRITING IN: 8
.Sending update message to notifications (125 bytes): op=4 width=10 height=10 tempo: 300 victory: 0 game_over: 0 accumulated_points: 8
WWWWWWWWWW
W        W
W        W
W   M    W
W        W
W      M W
W        W
W P      W
W        W
WWWWWWWWWW
WRITING IN: 8
.Ghost threads joined
Freed ghost tids
Freed pacman arg
Freed ncurses arg
Freed pacman retval
Result from pacman thread: 0
Accumulated points: 9
Creating threads
Created pacman thread
Created ghost threads
PACMAN THREAD
OPCODE FROM PLAY 3
COMMAND FROM PLAY D
comand read
Receiving play message (2 bytes): op=3 command=D
KEY D
Pacman thread joined
Sending update message to notifications (125 bytes): op=4 width=10 height=10 tempo: 300 victory: 0 game_over: 0 accumulated_points: 9
WWWWWWWWWW
W        W
W        W
W        W
W   M    W
W      M W
W        W
W  P     W
W        W
WWWWWWWWWW
WRITING IN: 8
.Sending update message to notifications (125 bytes): op=4 width=10 height=10 tempo: 300 victory: 0 game_over: 0 accumulated_points: 9
WWWWWWWWWW
W        W
W        W
W        W
W   M    W
W      M W
W        W
W  P     W
W        W
WWWWWWWWWW
WRITING IN: 8
.Ghost threads joined
Freed ghost tids
Freed pacman arg
Freed ncurses arg
Freed pacman retval
Result from pacman thread: 0
Accumulated points: 10
Creating threads
Created pacman thread
Created ghost threads
PACMAN THREAD
OPCODE FROM PLAY 3
COMMAND FROM PLAY S
comand read
Receiving play message (2 bytes): op=3 command=S
KEY S
Pacman thread joined
Sending update message to notifications (125 bytes): op=4 width=10 height=10 tempo: 300 victory: 0 game_over: 0 accumulated_points: 10
WWWWWWWWWW
W        W
W        W
W        W
W        W
W   M  M W
W        W
W        W
W  P     W
WWWWWWWWWW
WRITING IN: 8
.Sending update message to notifications (125 bytes): op=4 width=10 height=10 tempo: 300 victory: 0 game_over: 0 accumulated_points: 10
WWWWWWWWWW
W        W
W        W
W        W
W        W
W   M  M W
W        W
W        W
W  P     W
WWWWWWWWWW
WRITING IN: 8
.Ghost threads joined
Freed ghost tids
Freed pacman arg
Freed ncurses arg
Freed pacman retval
Result from pacman thread: 0
Accumulated points: 11
Creating threads
Created pacman thread
Created ghost threads
PACMAN THREAD
OPCODE FROM PLAY 3
COMMAND FROM PLAY D
comand read
Receiving play message (2 bytes): op=3 command=D
KEY D
Pacman thread joined
Sending update message to notifications (125 bytes): op=4 width=10 height=10 tempo: 300 victory: 0 game_over: 0 accumulated_points: 11
WWWWWWWWWW
W        W
W        W
W        W
W   M    W
W     M  W
W        W
W        W
W   P    W
WWWWWWWWWW
WRITING IN: 8
.Sending update message to notifications (125 bytes): op=4 width=10 height=10 tempo: 300 victory: 0 game_over: 0 accumulated_points: 11
WWWWWWWWWW
W        W
W        W
W        W
W   M    W
W     M  W
W        W
W        W
W   P    W
WWWWWWWWWW
WRITING IN: 8
.Sending update message to notifications (125 bytes): op=4 width=10 height=10 tempo: 300 victory: 0 game_over: 0 accumulated_points: 11
WWWWWWWWWW
W        W
W        W
W        W
W   M    W
W     M  W
W        W
W        W
W   P    W
WWWWWWWWWW
WRITING IN: 8
.Ghost threads joined
Freed ghost tids
Freed pacman arg
Freed ncurses arg
Freed pacman retval
Result from pacman thread: 0
Accumulated points: 12
Creating threads
Created pacman thread
Created ghost threads
PACMAN THREAD
Sending update message to notifications (125 bytes): op=4 width=10 height=10 tempo: 300 victory: 0 game_over: 0 accumulated_points: 12
WWWWWWWWWW
W        W
W        W
W        W
W   M    W
W     M  W
W        W
W        W
W   P    W
WWWWWWWWWW
WRITING IN: 8
.OPCODE FROM PLAY 3
COMMAND FROM PLAY W
comand read
Receiving play message (2 bytes): op=3 command=W
KEY W
Pacman thread joined
Sending update message to notifications (125 bytes): op=4 width=10 height=10 tempo: 300 victory: 0 game_over: 0 accumulated_points: 12
WWWWWWWWWW
W        W
W        W
W   M    W
W        W
W      M W
W        W
W   P    W
W        W
WWWWWWWWWW
WRITING IN: 8
.Sending update message to notifications (125 bytes): op=4 width=10 height=10 tempo: 300 victory: 0 game_over: 0 accumulated_points: 12
WWWWWWWWWW
W        W
W        W
W   M    W
W        W
W      M W
W        W
W   P    W
W        W
WWWWWWWWWW
WRITING IN: 8
.Ghost threads joined
Freed ghost tids
Freed pacman arg
Freed ncurses arg
Freed pacman retval
Result from pacman thread: 0
Accumulated points: 13
Creating threads
Created pacman thread
Created ghost threads
PACMAN THREAD
OPCODE FROM PLAY 3
COMMAND FROM PLAY D
comand read
Receiving play message (2 bytes): op=3 command=D
KEY D
Pacman thread joined
Sending update message to notifications (125 bytes): op=4 width=10 height=10 tempo: 300 victory: 0 game_over: 0 accumulated_points: 13
WWWWWWWWWW
W        W
W        W
W   M    W
W        W
W      M W
W        W
W    P   W
W        W
WWWWWWWWWW
WRITING IN: 8
.Ghost threads joined
Freed ghost tids
Freed pacman arg
Freed ncurses arg
Freed pacman retval
Result from pacman thread: 0
Accumulated points: 14
Creating threads
Created pacman thread
Created ghost threads
PACMAN THREAD
Sending update message to notifications (125 bytes): op=4 width=10 height=10 tempo: 300 victory: 0 game_over: 0 accumulated_points: 14
WWWWWWWWWW
W        W
W        W
W        W
W   M    W
W       MW
W        W
W    P   W
W        W
WWWWWWWWWW
WRITING IN: 8
.OPCODE FROM PLAY 3
COMMAND FROM PLAY S
comand read
Receiving play message (2 bytes): op=3 command=S
KEY S
Pacman thread joined
Sending update message to notifications (125 bytes): op=4 width=10 height=10 tempo: 300 victory: 0 game_over: 0 accumulated_points: 14
WWWWWWWWWW
W        W
W        W
W        W
W   M    W
W       MW
W        W
W        W
W    P   W
WWWWWWWWWW
WRITING IN: 8
.Ghost threads joined
Freed ghost tids
Freed pacman arg
Freed ncurses arg
Freed pacman retval
Result from pacman thread: 0
Accumulated points: 15
Creating threads
Created pacman thread
Created ghost threads
PACMAN THREAD
Sending update message to notifications (125 bytes): op=4 width=10 height=10 tempo: 300 victory: 0 game_over: 0 accumulated_points: 15
WWWWWWWWWW
W        W
W        W
W        W
W        W
W   M  M W
W        W
W        W
W    P   W
WWWWWWWWWW
WRITING IN: 8
.OPCODE FROM PLAY 3
COMMAND FROM PLAY D
comand read
Receiving play message (2 bytes): op=3 command=D
KEY D
Pacman thread joined
Sending update message to notifications (125 bytes): op=4 width=10 height=10 tempo: 300 victory: 0 game_over: 0 accumulated_points: 15
WWWWWWWWWW
W        W
W        W
W        W
W        W
W   M  M W
W        W
W        W
W     P  W
WWWWWWWWWW
WRITING IN: 8
.Sending update message to notifications (125 bytes): op=4 width=10 height=10 tempo: 300 victory: 0 game_over: 0 accumulated_points: 15
WWWWWWWWWW
W        W
W        W
W        W
W        W
W   M  M W
W        W
W        W
W     P  W
WWWWWWWWWW
WRITING IN: 8
.Ghost threads joined
Freed ghost tids
Freed pacman arg
Freed ncurses arg
Freed pacman retval
Result from pacman thread: 0
Accumulated points: 16
Creating threads
Created pacman thread
Created ghost threads
PACMAN THREAD
Sending update message to notifications (125 bytes): op=4 width=10 height=10 tempo: 300 victory: 0 game_over: 0 accumulated_points: 16
WWWWWWWWWW
W        W
W        W
W        W
W        W
W   M  M W
W        W
W        W
W     P  W
WWWWWWWWWW
WRITING IN: 8
.OPCODE FROM PLAY 3
COMMAND FROM PLAY W
comand read
Receiving play message (2 bytes): op=3 command=W
KEY W
Pacman thread joined
Sending update message to notifications (125 bytes): op=4 width=10 height=10 tempo: 300 victory: 0 game_over: 0 accumulated_points: 16
WWWWWWWWWW
W        W
W        W
W        W
W        W
W   M  M W
W        W
W     P  W
W        W
WWWWWWWWWW
WRITING IN: 8
.Ghost threads joined
Freed ghost tids
Freed pacman arg
Freed ncurses arg
Freed pacman retval
Result from pacman thread: 0
Accumulated points: 17
Creating threads
Created pacman thread
PACMAN THREAD
Created ghost threads
OPCODE FROM PLAY 3
COMMAND FROM PLAY D
comand read
Receiving play message (2 bytes): op=3 command=D
KEY D
Pacman thread joined
Sending update message to notifications (125 bytes): op=4 width=10 height=10 tempo: 300 victory: 0 game_over: 0 accumulated_points: 17
WWWWWWWWWW
W        W
W        W
W        W
W        W
W   M  M W
W        W
W      P W
W        W
WWWWWWWWWW
WRITING IN: 8
.Sending update message to notifications (125 bytes): op=4 width=10 height=10 tempo: 300 victory: 0 game_over: 0 accumulated_points: 17
WWWWWWWWWW
W        W
W        W
W        W
W        W
W   M  M W
W        W
W      P W
W        W
WWWWWWWWWW
WRITING IN: 8
.Ghost threads joined
Freed ghost tids
Freed pacman arg
Freed ncurses arg
Freed pacman retval
Result from pacman thread: 0
Accumulated points: 18
Creating threads
Created pacman thread
Created ghost threads
PACMAN THREAD
OPCODE FROM PLAY 3
COMMAND FROM PLAY S
comand read
Receiving play message (2 bytes): op=3 command=S
KEY S
Pacman thread joined
Sending update message to notifications (125 bytes): op=4 width=10 height=10 tempo: 300 victory: 0 game_over: 0 accumulated_points: 18
WWWWWWWWWW
W        W
W        W
W        W
W   M    W
W     M  W
W        W
W        W
W      P W
WWWWWWWWWW
WRITING IN: 8
.Sending update message to notifications (125 bytes): op=4 width=10 height=10 tempo: 300 victory: 0 game_over: 0 accumulated_points: 18
WWWWWWWWWW
W        W
W        W
W        W
W   M    W
W     M  W
W        W
W        W
W      P W
WWWWWWWWWW
WRITING IN: 8
.Ghost threads joined
Freed ghost tids
Freed pacman arg
Freed ncurses arg
Freed pacman retval
Result from pacman thread: 0
Accumulated points: 19
Creating threads
Created pacman thread
Created ghost threads
PACMAN THREAD
Sending update message to notifications (125 bytes): op=4 width=10 height=10 tempo: 300 victory: 0 game_over: 0 accumulated_points: 19
WWWWWWWWWW
W        W
W        W
W   M    W
W        W
W      M W
W        W
W        W
W      P W
WWWWWWWWWW
WRITING IN: 8
.OPCODE FROM PLAY 3
COMMAND FROM PLAY D
comand read
Receiving play message (2 bytes): op=3 command=D
KEY D
Pacman thread joined
Sending update message to notifications (125 bytes): op=4 width=10 height=10 tempo: 300 victory: 0 game_over: 0 accumulated_points: 19
WWWWWWWWWW
W        W
W        W
W   M    W
W        W
W      M W
W        W
W        W
W       PW
WWWWWWWWWW
WRITING IN: 8
.Ghost threads joined
Freed ghost tids
Freed pacman arg
Freed ncurses arg
Freed pacman retval
Result from pacman thread: 0
Accumulated points: 20
Creating threads
Created pacman thread
Created ghost threads
PACMAN THREAD
OPCODE FROM PLAY 3
COMMAND FROM PLAY W
comand read
Receiving play message (2 bytes): op=3 command=W
KEY W
Pacman thread joined
Sending update message to notifications (125 bytes): op=4 width=10 height=10 tempo: 300 victory: 0 game_over: 0 accumulated_points: 20
WWWWWWWWWW
W        W
W        W
W   M    W
W        W
W      M W
W        W
W       PW
W        W
WWWWWWWWWW
WRITING IN: 8
.Ghost threads joined
Freed ghost tids
Freed pacman arg
Freed ncurses arg
Freed pacman retval
Result from pacman thread: 1
returned-5
Sending update message to notifications (125 bytes): op=4 width=10 height=10 tempo: 300 victory: 0 game_over: 0 accumulated_points: 20
WWWWWWWWWW
W        W
W        W
W   M    W
W        W
W      M W
W        W
W       PW
W        W
WWWWWWWWWW
WRITING IN: 8
MON file: teste/monster1.m
Creating threads
Created pacman thread
Created ghost threads
PACMAN THREAD
Sending update message to notifications (89 bytes): op=4 width=8 height=8 tempo: 100 victory: 0 game_over: 0 accumulated_points: 20
WWWWWWWW
WP     W
W      W
W      W
W      W
W   M  W
W      W
WWWWWWWW
WRITING IN: 8
.OPCODE FROM PLAY 3
COMMAND FROM PLAY D
comand read
Receiving play message (2 bytes): op=3 command=D
KEY D
Pacman thread joined
Sending update message to notifications (89 bytes): op=4 width=8 height=8 tempo: 100 victory: 0 game_over: 0 accumulated_points: 20
WWWWWWWW
W P    W
W      W
W      W
W   M  W
W      W
W      W
WWWWWWWW
WRITING IN: 8
.Sending update message to notifications (89 bytes): op=4 width=8 height=8 tempo: 100 victory: 0 game_over: 0 accumulated_points: 20
WWWWWWWW
W P    W
W      W
W      W
W   M  W
W      W
W      W
WWWWWWWW
WRITING IN: 8
.Ghost threads joined
Freed ghost tids
Freed pacman arg
Freed ncurses arg
Freed pacman retval
Result from pacman thread: 0
Accumulated points: 21
Creating threads
Created pacman thread
Created ghost threads
PACMAN THREAD
OPCODE FROM PLAY 3
COMMAND FROM PLAY S
comand read
Receiving play message (2 bytes): op=3 command=S
KEY S
Pacman thread joined
Sending update message to notifications (89 bytes): op=4 width=8 height=8 tempo: 100 victory: 0 game_over: 0 accumulated_points: 21
WWWWWWWW
W      W
W P    W
W      W
W   M  W
W      W
W      W
WWWWWWWW
WRITING IN: 8
.Ghost threads joined
Freed ghost tids
Freed pacman arg
Freed ncurses arg
Freed pacman retval
Result from pacman thread: 0
Accumulated points: 22
Creating threads
Created pacman thread
Created ghost threads
PACMAN THREAD
Sending update message to notifications (89 bytes): op=4 width=8 height=8 tempo: 100 victory: 0 game_over: 0 accumulated_points: 22
WWWWWWWW
W      W
W P    W
W      W
W   M  W
W      W
W      W
WWWWWWWW
WRITING IN: 8
.OPCODE FROM PLAY 3
COMMAND FROM PLAY D
comand read
Receiving play message (2 bytes): op=3 command=D
KEY D
Pacman thread joined
Sending update message to notifications (89 bytes): op=4 width=8 height=8 tempo: 100 victory: 0 game_over: 0 accumulated_points: 22
WWWWWWWW
W      W
W  P   W
W      W
W   M  W
W      W
W      W
WWWWWWWW
WRITING IN: 8
.Ghost threads joined
Freed ghost tids
Freed pacman arg
Freed ncurses arg
Freed pacman retval
Result from pacman thread: 0
Accumulated points: 23
Creating threads
Created pacman thread
Created ghost threads
PACMAN THREAD
OPCODE FROM PLAY 3
COMMAND FROM PLAY W
comand read
Receiving play message (2 bytes): op=3 command=W
KEY W
Pacman thread joined
Sending update message to notifications (89 bytes): op=4 width=8 height=8 tempo: 100 victory: 0 game_over: 0 accumulated_points: 23
WWWWWWWW
W  P   W
W      W
W   M  W
W      W
W      W
W      W
WWWWWWWW
WRITING IN: 8
.Sending update message to notifications (89 bytes): op=4 width=8 height=8 tempo: 100 victory: 0 game_over: 0 accumulated_points: 23
WWWWWWWW
W  P   W
W      W
W   M  W
W      W
W      W
W      W
WWWWWWWW
WRITING IN: 8
.Ghost threads joined
Freed ghost tids
Freed pacman arg
Freed ncurses arg
Freed pacman retval
Result from pacman thread: 0
Accumulated points: 24
Creating threads
Created pacman thread
Created ghost threads
PACMAN THREAD
Sending update message to notifications (89 bytes): op=4 width=8 height=8 tempo: 100 victory: 0 game_over: 0 accumulated_points: 24
WWWWWWWW
W  P   W
W      W
W  OPCODE FROM PLAY 3
COMMAND FROM PLAY D
comand read
Receiving play message (2 bytes): op=3 command=D
KEY D
    W
W   M  W
W      W
W      W
WWWWWWWW
WRITING IN: 8
.Pacman thread joined
Sending update message to notifications (89 bytes): op=4 width=8 height=8 tempo: 100 victory: 0 game_over: 0 accumulated_points: 24
WWWWWWWW
W   P  W
W      W
W      W
W   M  W
W      W
W      W
WWWWWWWW
WRITING IN: 8
.Ghost threads joined
Freed ghost tids
Freed pacman arg
Freed ncurses arg
Freed pacman retval
Result from pacman thread: 0
Accumulated points: 25
Creating threads
Created pacman thread
Created ghost threads
PACMAN THREAD
OPCODE FROM PLAY 3
COMMAND FROM PLAY S
comand read
Receiving play message (2 bytes): op=3 command=S
KEY S
Sending update message to notifications (89 bytes): op=4 width=8 height=8 tempo: 100 victory: 0 game_over: 0 accumulated_points: 25
WWWWWWWW
W      W
W   P  W
W      W
W      W
W   Pacman thread joined
M  W
W      W
WWWWWWWW
WRITING IN: 8
.Sending update message to notifications (89 bytes): op=4 width=8 height=8 tempo: 100 victory: 0 game_over: 0 accumulated_points: 25
WWWWWWWW
W      W
W   P  W
W      W
W      W
W   M  W
W      W
WWWWWWWW
WRITING IN: 8
.Ghost threads joined
Freed ghost tids
Freed pacman arg
Freed ncurses arg
Freed pacman retval
Result from pacman thread: 0
Accumulated points: 26
Creating threads
Created pacman thread
Created ghost threads
PACMAN THREAD
OPCODE FROM PLAY 3
COMMAND FROM PLAY D
comand read
Receiving play message (2 bytes): op=3 command=D
KEY D
Pacman thread joined
Sending update message to notifications (89 bytes): op=4 width=8 height=8 tempo: 100 victory: 0 game_over: 0 accumulated_points: 26
WWWWWWWW
W      W
W    P W
W      W
W      W
W   M  W
W      W
WWWWWWWW
WRITING IN: 8
.Ghost threads joined
Freed ghost tids
Freed pacman arg
Freed ncurses arg
Freed pacman retval
Result from pacman thread: 0
Accumulated points: 27
Creating threads
Created pacman thread
Created ghost threads
PACMAN THREAD
Sending update message to notifications (89 bytes): op=4 width=8 height=8 tempo: 100 victory: 0 game_over: 0 accumulated_points: 27
WWWWWWWW
W      W
W    P W
W      W
W   M  W
W      W
W      W
WWWWWWWW
WRITING IN: 8
.OPCODE FROM PLAY 3
COMMAND FROM PLAY W
comand read
Receiving play message (2 bytes): op=3 command=W
KEY W
Pacman thread joined
Sending update message to notifications (89 bytes): op=4 width=8 height=8 tempo: 100 victory: 0 game_over: 0 accumulated_points: 27
WWWWWWWW
W    P W
W      W
W      W
W   M  W
W      W
W      W
WWWWWWWW
WRITING IN: 8
.Ghost threads joined
Freed ghost tids
Freed pacman arg
Freed ncurses arg
Freed pacman retval
Result from pacman thread: 0
Accumulated points: 28
Creating threads
Created pacman thread
Created ghost threads
PACMAN THREAD
OPCODE FROM PLAY 3
COMMAND FROM PLAY D
comand read
Receiving play message (2 bytes): op=3 command=D
KEY D
Pacman thread joined
Sending update message to notifications (89 bytes): op=4 width=8 height=8 tempo: 100 victory: 0 game_over: 0 accumulated_points: 28
WWWWWWWW
W     PW
W      W
W   M  W
W      W
W      W
W      W
WWWWWWWW
WRITING IN: 8
.Sending update message to notifications (89 bytes): op=4 width=8 height=8 tempo: 100 victory: 0 game_over: 0 accumulated_points: 28
WWWWWWWW
W     PW
W      W
W   M  W
W      W
W      W
W      W
WWWWWWWW
WRITING IN: 8
.Ghost threads joined
Freed ghost tids
Freed pacman arg
Freed ncurses arg
Freed pacman retval
Result from pacman thread: 0
Accumulated points: 29
Creating threads
Created pacman thread
Created ghost threads
PACMAN THREAD
OPCODE FROM PLAY 3
COMMAND FROM PLAY S
comand read
Receiving play message (2 bytes): op=3 command=S
KEY S
Pacman thread joined
Sending update message to notifications (89 bytes): op=4 width=8 height=8 tempo: 100 victory: 0 game_over: 0 accumulated_points: 29
WWWWWWWW
W      W
W     PW
W   M  W
W      W
W      W
W      W
WWWWWWWW
WRITING IN: 8
.Ghost threads joined
Freed ghost tids
Freed pacman arg
Freed ncurses arg
Freed pacman retval
Result from pacman thread: 0
Accumulated points: 30
Creating threads
Created pacman thread
Created ghost threads
PACMAN THREAD
OPCODE FROM PLAY 3
COMMAND FROM PLAY D
comand read
Receiving play message (2 bytes): op=3 command=D
KEY D
Pacman thread joined
Sending update message to notifications (89 bytes): op=4 width=8 height=8 tempo: 100 victory: 0 game_over: 0 accumulated_points: 30
WWWWWWWW
W      W
W     PW
W   M  W
W      W
W      W
W      W
WWWWWWWW
WRITING IN: 8
.Ghost threads joined
Freed ghost tids
Freed pacman arg
Freed ncurses arg
Freed pacman retval
Result from pacman thread: 0
Accumulated points: 30
Creating threads
Created pacman thread
Created ghost threads
PACMAN THREAD
OPCODE FROM PLAY 3
COMMAND FROM PLAY W
comand read
Receiving play message (2 bytes): op=3 command=W
KEY W
Sending update message to notifications (89 bytes): op=4 width=8 height=8 tempo: 100 victory: 0 game_over: 0 accumulated_points: 30
WWWWWWWW
W     PW
W      W
W      W
W  Pacman thread joined
 M  W
W      W
W      W
WWWWWWWW
WRITING IN: 8
.Sending update message to notifications (89 bytes): op=4 width=8 height=8 tempo: 100 victory: 0 game_over: 0 accumulated_points: 30
WWWWWWWW
W     PW
W      W
W      W
W   M  W
W      W
W      W
WWWWWWWW
WRITING IN: 8
.Ghost threads joined
Freed ghost tids
Freed pacman arg
Freed ncurses arg
Freed pacman retval
Result from pacman thread: 0
Accumulated points: 30
Creating threads
Created pacman thread
Created ghost threads
PACMAN THREAD
OPCODE FROM PLAY 3
COMMAND FROM PLAY D
comand read
Receiving play message (2 bytes): op=3 command=D
KEY D
Pacman thread joined
Sending update message to notifications (89 bytes): op=4 width=8 height=8 tempo: 100 victory: 0 game_over: 0 accumulated_points: 30
WWWWWWWW
W     PW
W      W
W      W
W      W
W   M  W
W      W
WWWWWWWW
WRITING IN: 8
.Sending update message to notifications (89 bytes): op=4 width=8 height=8 tempo: 100 victory: 0 game_over: 0 accumulated_points: 30
WWWWWWWW
W     PW
W      W
W      W
W      W
W   M  W
W      W
WWWWWWWW
WRITING IN: 8
.Ghost threads joined
Freed ghost tids
Freed pacman arg
Freed ncurses arg
Freed pacman retval
Result from pacman thread: 0
Accumulated points: 30
Creating threads
Created pacman thread
Created ghost threads
PACMAN THREAD
Sending update message to notifications (89 bytes): op=4 width=8 height=8 tempo: 100 victory: 0 game_over: 0 accumulated_points: 30
WWWWWWWW
W     PW
W      W
W      W
W      W
W   M  W
W    OPCODE FROM PLAY 3
COMMAND FROM PLAY S
comand read
Receiving play message (2 bytes): op=3 command=S
 KEY S
 W
WWWWWWWW
WRITING IN: 8
.Pacman thread joined
Sending update message to notifications (89 bytes): op=4 width=8 height=8 tempo: 100 victory: 0 game_over: 0 accumulated_points: 30
WWWWWWWW
W      W
W     PW
W      W
W   M  W
W      W
W      W
WWWWWWWW
WRITING IN: 8
.Ghost threads joined
Freed ghost tids
Freed pacman arg
Freed ncurses arg
Freed pacman retval
Result from pacman thread: 0
Accumulated points: 30
Creating threads
Created pacman thread
Created ghost threads
PACMAN THREAD
OPCODE FROM PLAY 3
COMMAND FROM PLAY D
comand read
Receiving play message (2 bytes): op=3 command=D
KEY D
Pacman thread joined
Sending update message to notifications (89 bytes): op=4 width=8 height=8 tempo: 100 victory: 0 game_over: 0 accumulated_points: 30
WWWWWWWW
W      W
W     PW
W   M  W
W      W
W      W
W      W
WWWWWWWW
WRITING IN: 8
.Sending update message to notifications (89 bytes): op=4 width=8 height=8 tempo: 100 victory: 0 game_over: 0 accumulated_points: 30
WWWWWWWW
W      W
W     PW
W   M  W
W      W
W      W
W      W
WWWWWWWW
WRITING IN: 8
.Ghost threads joined
Freed ghost tids
Freed pacman arg
Freed ncurses arg
Freed pacman retval
Result from pacman thread: 0
Accumulated points: 30
Creating threads
Created pacman thread
Created ghost threads
PACMAN THREAD
OPCODE FROM PLAY 3
COMMAND FROM PLAY W
comand read
Receiving play message (2 bytes): op=3 command=W
KEY W
Sending update message to notifications (89 bytes): op=4 width=8 height=8 tempo: 100 victory: 0 game_over: 0 accumulated_points: 30
WWWWWWWW
W     PW
W      W
W  Pacman thread joined
    W
W   M  W
W      W
W      W
WWWWWWWW
WRITING IN: 8
.Sending update message to notifications (89 bytes): op=4 width=8 height=8 tempo: 100 victory: 0 game_over: 0 accumulated_points: 30
WWWWWWWW
W     PW
W      W
W      W
W   M  W
W      W
W      W
WWWWWWWW
WRITING IN: 8
.Sending update message to notifications (89 bytes): op=4 width=8 height=8 tempo: 100 victory: 0 game_over: 0 accumulated_points: 30
WWWWWWWW
W     PW
W      W
W      W
W   M  W
W      W
W      W
WWWWWWWW
WRITING IN: 8
.Ghost threads joined
Freed ghost tids
Freed pacman arg
Freed ncurses arg
Freed pacman retval
Result from pacman thread: 0
Accumulated points: 30
Creating threads
Created pacman thread
Created ghost threads
PACMAN THREAD
Sending update message to notifications (89 bytes): op=4 width=8 height=8 tempo: 100 victory: 0 game_over: 0 accumulated_points: 30
WWWWWWWW
W     OPCODE FROM PLAY 3
COMMAND FROM PLAY D
comand read
Receiving play message (2 bytes): op=3 command=D
KEY D
PW
W      W
W      W
W      W
W   M  W
W      W
WWWWWWWW
WRITING IN: 8
.Pacman thread joined
Sending update message to notifications (89 bytes): op=4 width=8 height=8 tempo: 100 victory: 0 game_over: 0 accumulated_points: 30
WWWWWWWW
W     PW
W      W
W      W
W      W
W   M  W
W      W
WWWWWWWW
WRITING IN: 8
.Ghost threads joined
Freed ghost tids
Freed pacman arg
Freed ncurses arg
Freed pacman retval
Result from pacman thread: 0
Accumulated points: 30
Creating threads
Created pacman thread
Created ghost threads
PACMAN THREAD
Sending update message to notifications (89 bytes): op=4 width=8 height=8 tempo: 100 victory: 0 game_over: 0 accumulated_points: 30
WWWWWWWW
W     PW
W      W
W      W
W      W
W   M  W
W      W
WWWWWWWW
WRITING IN: 8
.OPCODE FROM PLAY 3
COMMAND FROM PLAY S
comand read
Receiving play message (2 bytes): op=3 command=S
KEY S
Pacman thread joined
Sending update message to notifications (89 bytes): op=4 width=8 height=8 tempo: 100 victory: 0 game_over: 0 accumulated_points: 30
WWWWWWWW
W      W
W     PW
W      W
W      W
W   M  W
W      W
WWWWWWWW
WRITING IN: 8
.Ghost threads joined
Freed ghost tids
Freed pacman arg
Freed ncurses arg
Freed pacman retval
Result from pacman thread: 0
Accumulated points: 30
Creating threads
Created pacman thread
Created ghost threads
PACMAN THREAD
OPCODE FROM PLAY 3
COMMAND FROM PLAY D
comand read
Receiving play message (2 bytes): op=3 command=D
KEY D
Pacman thread joined
Sending update message to notifications (89 bytes): op=4 width=8 height=8 tempo: 100 victory: 0 game_over: 0 accumulated_points: 30
WWWWWWWW
W      W
W     PW
W      W
W   M  W
W      W
W      W
WWWWWWWW
WRITING IN: 8
.Sending update message to notifications (89 bytes): op=4 width=8 height=8 tempo: 100 victory: 0 game_over: 0 accumulated_points: 30
WWWWWWWW
W      W
W     PW
W      W
W   M  W
W      W
W      W
WWWWWWWW
WRITING IN: 8
.Ghost threads joined
Freed ghost tids
Freed pacman arg
Freed ncurses arg
Freed pacman retval
Result from pacman thread: 0
Accumulated points: 30
Creating threads
Created pacman thread
Created ghost threads
PACMAN THREAD
OPCODE FROM PLAY 3
COMMAND FROM PLAY W
comand read
Receiving play message (2 bytes): op=3 command=W
KEY W
Pacman thread joined
Sending update message to notifications (89 bytes): op=4 width=8 height=8 tempo: 100 victory: 0 game_over: 0 accumulated_points: 30
WWWWWWWW
W     PW
W      W
W      W
W   M  W
W      W
W      W
WWWWWWWW
WRITING IN: 8
.Sending update message to notifications (89 bytes): op=4 width=8 height=8 tempo: 100 victory: 0 game_over: 0 accumulated_points: 30
WWWWWWWW
W     PW
W      W
W      W
W   M  W
W      W
W      W
WWWWWWWW
WRITING IN: 8
.Ghost threads joined
Freed ghost tids
Freed pacman arg
Freed ncurses arg
Freed pacman retval
Result from pacman thread: 0
Accumulated points: 30
Creating threads
Created pacman thread
Created ghost threads
PACMAN THREAD
OPCODE FROM PLAY 3
COMMAND FROM PLAY D
comand read
Receiving play message (2 bytes): op=3 command=D
KEY D
Pacman thread joined
Sending update message to notifications (89 bytes): op=4 width=8 height=8 tempo: 100 victory: 0 game_over: 0 accumulated_points: 30
WWWWWWWW
W     PW
W      W
W      W
W   M  W
W      W
W      W
WWWWWWWW
WRITING IN: 8
.Ghost threads joined
Freed ghost tids
Freed pacman arg
Freed ncurses arg
Freed pacman retval
Result from pacman thread: 0
Accumulated points: 30
Creating threads
Created pacman thread
Created ghost threads
PACMAN THREAD
OPCODE FROM PLAY 3
COMMAND FROM PLAY S
comand read
Receiving play message (2 bytes): op=3 command=S
KEY S
Pacman thread joined
Sending update message to notifications (89 bytes): op=4 width=8 height=8 tempo: 100 victory: 0 game_over: 0 accumulated_points: 30
WWWWWWWW
W      W
W     PW
W      W
W   M  W
W      W
W      W
WWWWWWWW
WRITING IN: 8
.Ghost threads joined
Freed ghost tids
Freed pacman arg
Freed ncurses arg
Freed pacman retval
Result from pacman thread: 0
Accumulated points: 30
Creating threads
Created pacman thread
Created ghost threads
PACMAN THREAD
Sending update message to notifications (89 bytes): op=4 width=8 height=8 tempo: 100 victory: 0 game_over: 0 accumulated_points: 30
WWWWWWWW
W      W
W     PW
W      W
W   OPCODE FROM PLAY 3
COMMAND FROM PLAY D
comand read
Receiving play message (2 bytes): op=3 command=D
KEY D
M  W
W      W
W      W
WWWWWWWW
WRITING IN: 8
Pacman thread joined
.Sending update message to notifications (89 bytes): op=4 width=8 height=8 tempo: 100 victory: 0 game_over: 0 accumulated_points: 30
WWWWWWWW
W      W
W     PW
W      W
W   M  W
W      W
W      W
WWWWWWWW
WRITING IN: 8
.Ghost threads joined
Freed ghost tids
Freed pacman arg
Freed ncurses arg
Freed pacman retval
Result from pacman thread: 0
Accumulated points: 30
Creating threads
Created pacman thread
Created ghost threads
PACMAN THREAD
Sending update message to notifications (89 bytes): op=4 width=8 height=8 tempo: 100 victory: 0 game_over: 0 accumulated_points: 30
WWWWWWWW
W      W
W     PW
W      W
W   M  W
W      W
W      W
WWWWWWWW
WRITING IN: 8
.OPCODE FROM PLAY 3
COMMAND FROM PLAY W
comand read
Receiving play message (2 bytes): op=3 command=W
KEY W
Pacman thread joined
Sending update message to notifications (89 bytes): op=4 width=8 height=8 tempo: 100 victory: 0 game_over: 0 accumulated_points: 30
WWWWWWWW
W     PW
W      W
W   M  W
W      W
W      W
W      W
WWWWWWWW
WRITING IN: 8
.Ghost threads joined
Freed ghost tids
Freed pacman arg
Freed ncurses arg
Freed pacman retval
Result from pacman thread: 0
Accumulated points: 30
Creating threads
Created pacman thread
Created ghost threads
PACMAN THREAD
OPCODE FROM PLAY 3
COMMAND FROM PLAY D
comand read
Receiving play message (2 bytes): op=3 command=D
KEY D
Sending update message to notifications (89 bytes): op=4 width=8 height=8 tempo: 100 victory: 0 game_over: 0 accumulated_points: 30
WWWWWWWW
W     PW
W      W
W      W
W   M  W
W      W
W      W
WWWWWWWW
WRITING IN: 8
Pacman thread joined
.Sending update message to notifications (89 bytes): op=4 width=8 height=8 tempo: 100 victory: 0 game_over: 0 accumulated_points: 30
WWWWWWWW
W     PW
W      W
W      W
W   M  W
W      W
W      W
WWWWWWWW
WRITING IN: 8
.Ghost threads joined
Freed ghost tids
Freed pacman arg
Freed ncurses arg
Freed pacman retval
Result from pacman thread: 0
Accumulated points: 30
Creating threads
Created pacman thread
Created ghost threads
PACMAN THREAD
Sending update message to notifications (89 bytes): op=4 width=8 height=8 tempo: 100 victory: 0 game_over: 0 accumulated_points: 30
WWWWWWWW
W     PW
W      W
W      W
W   M  W
W   M  W
W      W
WWWWWWWW
WRITING IN: 8
.OPCODE FROM PLAY 3
COMMAND FROM PLAY S
comand read
Receiving play message (2 bytes): op=3 command=S
KEY S
Pacman thread joined
Sending update message to notifications (89 bytes): op=4 width=8 height=8 tempo: 100 victory: 0 game_over: 0 accumulated_points: 30
WWWWWWWW
W      W
W     PW
W      W
W      W
W   M  W
W      W
WWWWWWWW
WRITING IN: 8
.Sending update message to notifications (89 bytes): op=4 width=8 height=8 tempo: 100 victory: 0 game_over: 0 accumulated_points: 30
WWWWWWWW
W      W
W     PW
W      W
W      W
W   M  W
W      W
WWWWWWWW
WRITING IN: 8
.Ghost threads joined
Freed ghost tids
Freed pacman arg
Freed ncurses arg
Freed pacman retval
Result from pacman thread: 0
Accumulated points: 30
Creating threads
Created pacman thread
Created ghost threads
PACMAN THREAD
OPCODE FROM PLAY 3
COMMAND FROM PLAY S
comand read
Receiving play message (2 bytes): op=3 command=S
KEY S
Pacman thread joined
Sending update message to notifications (89 bytes): op=4 width=8 height=8 tempo: 100 victory: 0 game_over: 0 accumulated_points: 30
WWWWWWWW
W      W
W      W
W     PW
W      W
W   M  W
W      W
WWWWWWWW
WRITING IN: 8
.Ghost threads joined
Freed ghost tids
Freed pacman arg
Freed ncurses arg
Freed pacman retval
Result from pacman thread: 0
Accumulated points: 31
Creating threads
Created pacman thread
Created ghost threads
PACMAN THREAD
Sending update message to notifications (89 bytes): op=4 width=8 height=8 tempo: 100 victory: 0 game_over: 0 accumulated_points: 31
WWWWWWWW
W      W
W      W
W     PW
W   M  W
W      W
W      W
WWWWWWWW
WRITING IN: 8
.OPCODE FROM PLAY 3
COMMAND FROM PLAY S
comand read
Receiving play message (2 bytes): op=3 command=S
KEY S
Pacman thread joined
Sending update message to notifications (89 bytes): op=4 width=8 height=8 tempo: 100 victory: 0 game_over: 0 accumulated_points: 31
WWWWWWWW
W      W
W      W
W      W
W   M PW
W      W
W      W
WWWWWWWW
WRITING IN: 8
.Ghost threads joined
Freed ghost tids
Freed pacman arg
Freed ncurses arg
Freed pacman retval
Result from pacman thread: 0
Accumulated points: 32
Creating threads
Created pacman thread
Created ghost threads
PACMAN THREAD
Sending update message to notifications (89 bytes): op=4 width=8 height=8 tempo: 100 victory: 0 game_over: 0 accumulated_points: 32
WWWWWWWW
W      W
W      W
W      W
W   M PW
W      W
W      W
WWWWWWWW
WRITING IN: 8
.OPCODE FROM PLAY 3
COMMAND FROM PLAY S
comand read
Receiving play message (2 bytes): op=3 command=S
KEY S
Pacman thread joined
Sending update message to notifications (89 bytes): op=4 width=8 height=8 tempo: 100 victory: 0 game_over: 0 accumulated_points: 32
WWWWWWWW
W      W
W      W
W   M  W
W      W
W     PW
W      W
WWWWWWWW
WRITING IN: 8
.Ghost threads joined
Freed ghost tids
Freed pacman arg
Freed ncurses arg
Freed pacman retval
Result from pacman thread: 0
Accumulated points: 33
Creating threads
Created pacman thread
Created ghost threads
PACMAN THREAD
Sending update message to notifications (89 bytes): op=4 width=8 height=8 tempo: 100 victory: 0 game_over: 0 accumulated_points: 33
WWWWWWWW
W      W
W      W
W      W
W   M  W
W     PW
W      W
WWWWWWWW
WRITING IN: 8
.OPCODE FROM PLAY 3
COMMAND FROM PLAY S
comand read
Receiving play message (2 bytes): op=3 command=S
KEY S
Pacman thread joined
Sending update message to notifications (89 bytes): op=4 width=8 height=8 tempo: 100 victory: 0 game_over: 0 accumulated_points: 33
WWWWWWWW
W      W
W      W
W      W
W   M  W
W      W
W     PW
WWWWWWWW
WRITING IN: 8
.Ghost threads joined
Freed ghost tids
Freed pacman arg
Freed ncurses arg
Freed pacman retval
Result from pacman thread: 1
All levels completed. Victory! current_level=2 total_levels=2
victory = 1
returned-5
Sending update message to notifications (89 bytes): op=4 width=8 height=8 tempo: 100 victory: 1 game_over: 0 accumulated_points: 33
WWWWWWWW
W      W
W      W
W      W
W   M  W
W      W
W     PW
WWWWWWWW
WRITING IN: 8
!! New Slot Available for New Client !!
!! NEW REGISTER MESSAGE!!: op_code=1 request=/tmp/2_request notification=/tmp/2_notification
!! New Client In Queue !!: resquest: /tmp/2_request  //  notif: /tmp/2_notification

new queue:
 [0]: req=/tmp/1_request, notif=/tmp/1_notification;
HEAD-> [1]: req=/tmp/2_request, notif=/tmp/2_notification;

before read reg
!! New Client Out of Queue!!: resquest: /tmp/2_request  //  notif: /tmp/2_notification
======================================
!! New Client Playing !!: resquest: /tmp/2_request  //  notif: /tmp/2_notification
Sending return message to connect (2 bytes): op=1 result=0
MON file: teste/monster1.m
MON file: teste/monster2.m
Creating threads
Created pacman thread
Created ghost threads
PACMAN THREAD
Sending update message to notifications (125 bytes): op=4 width=10 height=10 tempo: 300 victory: 0 game_over: 0 accumulated_points: 0
WWWWWWWWWW
WP       W
W        W
W        W
W        W
W   M  M W
W        W
W        W
W        W
WWWWWWWWWW
WRITING IN: 8
.Sending update message to notifications (125 bytes): op=4 width=10 height=10 tempo: 300 victory: 0 game_over: 0 accumulated_points: 0
WWWWWWWWWW
WP       W
W        W
W        W
W   M    W
W     M  W
W        W
W        W
W        W
WWWWWWWWWW
WRITING IN: 8
.Sending update message to notifications (125 bytes): op=4 width=10 height=10 tempo: 300 victory: 0 game_over: 0 accumulated_points: 0
WWWWWWWWWW
WP       W
W        W
W   M    W
W        W
W      M W
W        W
W        W
W        W
WWWWWWWWWW
WRITING IN: 8
.OPCODE FROM PLAY 3
COMMAND FROM PLAY K
comand read
Receiving play message (2 bytes): op=3 command=K
KEY K
Pacman thread joined
Sending update message to notifications (125 bytes): op=4 width=10 height=10 tempo: 300 victory: 0 game_over: 0 accumulated_points: 0
WWWWWWWWWW
WP       W
W        W
W        W
W   M    W
W      M W
W        W
W        W
W        W
WWWWWWWWWW
WRITING IN: 8
.Sending update message to notifications (125 bytes): op=4 width=10 height=10 tempo: 300 victory: 0 game_over: 0 accumulated_points: 0
WWWWWWWWWW
WP       W
W        W
W        W
W   M    W
W      M W
W        W
W        W
W        W
WWWWWWWWWW
WRITING IN: 8
.Ghost threads joined
Freed ghost tids
Freed pacman arg
Freed ncurses arg
Freed pacman retval
Result from pacman thread: 0
Accumulated points: 0
Creating threads
Created pacman thread
Created ghost threads
PACMAN THREAD
Sending update message to notifications (125 bytes): op=4 width=10 height=10 tempo: 300 victory: 0 game_over: 0 accumulated_points: 0
WWWWWWWWWW
WP       W
W        W
W        W
W   M    W
W       MW
W        W
W        W
W        W
WWWWWWWWWW
WRITING IN: 8
.OPCODE FROM PLAY 3
COMMAND FROM PLAY K
comand read
Receiving play message (2 bytes): op=3 command=K
KEY K
Pacman thread joined
Sending update message to notifications (125 bytes): op=4 width=10 height=10 tempo: 300 victory: 0 game_over: 0 accumulated_points: 0
WWWWWWWWWW
WP       W
W        W
W        W
W        W
W   M   MW
W        W
W        W
W        W
WWWWWWWWWW
WRITING IN: 8
.Sending update message to notifications (125 bytes): op=4 width=10 height=10 tempo: 300 victory: 0 game_over: 0 accumulated_points: 0
WWWWWWWWWW
WP       W
W        W
W        W
W        W
W   M   MW
W        W
W        W
W        W
WWWWWWWWWW
WRITING IN: 8
.Ghost threads joined
Freed ghost tids
Freed pacman arg
Freed ncurses arg
Freed pacman retval
Result from pacman thread: 0
Accumulated points: 0
Creating threads
Created pacman thread
Created ghost threads
PACMAN THREAD
OPCODE FROM PLAY 3
COMMAND FROM PLAY K
comand read
Receiving play message (2 bytes): op=3 command=K
KEY K
Pacman thread joined
Sending update message to notifications (125 bytes): op=4 width=10 height=10 tempo: 300 victory: 0 game_over: 0 accumulated_points: 0
WWWWWWWWWW
WP       W
W        W
W        W
W   M    W
W      M W
W        W
W        W
W        W
WWWWWWWWWW
WRITING IN: 8
.Sending update message to notifications (125 bytes): op=4 width=10 height=10 tempo: 300 victory: 0 game_over: 0 accumulated_points: 0
WWWWWWWWWW
WP       W
W        W
W        W
W   M    W
W      M W
W        W
W        W
W        W
WWWWWWWWWW
WRITING IN: 8
.Ghost threads joined
Freed ghost tids
Freed pacman arg
Freed ncurses arg
Freed pacman retval
Result from pacman thread: 0
Accumulated points: 0
Creating threads
Created pacman thread
Created ghost threads
PACMAN THREAD
OPCODE FROM PLAY 3
COMMAND FROM PLAY K
comand read
Receiving play message (2 bytes): op=3 command=K
KEY K
Pacman thread joined
Sending update message to notifications (125 bytes): op=4 width=10 height=10 tempo: 300 victory: 0 game_over: 0 accumulated_points: 0
WWWWWWWWWW
WP       W
W        W
W        W
W   M    W
W     M  W
W        W
W        W
W        W
WWWWWWWWWW
WRITING IN: 8
.Sending update message to notifications (125 bytes): op=4 width=10 height=10 tempo: 300 victory: 0 game_over: 0 accumulated_points: 0
WWWWWWWWWW
WP       W
W        W
W        W
W   M    W
W     M  W
W        W
W        W
W        W
WWWWWWWWWW
WRITING IN: 8
.Ghost threads joined
Freed ghost tids
Freed pacman arg
Freed ncurses arg
Freed pacman retval
Result from pacman thread: 0
Accumulated points: 0
Creating threads
Created pacman thread
Created ghost threads
PACMAN THREAD
Sending update message to notifications (125 bytes): op=4 width=10 height=10 tempo: 300 victory: 0 game_over: 0 accumulated_points: 0
WWWWWWWWWW
WP       W
W        W
W   M    W
W        W
W      M W
W        W
W        W
W        W
WWWWWWWWWW
WRITING IN: 8
.OPCODE FROM PLAY 3
COMMAND FROM PLAY K
comand read
Receiving play message (2 bytes): op=3 command=K
KEY K
Pacman thread joined
Sending update message to notifications (125 bytes): op=4 width=10 height=10 tempo: 300 victory: 0 game_over: 0 accumulated_points: 0
WWWWWWWWWW
WP       W
W        W
W   M    W
W        W
W      M W
W        W
W        W
W        W
WWWWWWWWWW
WRITING IN: 8
.Ghost threads joined
Freed ghost tids
Freed pacman arg
Freed ncurses arg
Freed pacman retval
Result from pacman thread: 0
Accumulated points: 0
Creating threads
Created pacman thread
Created ghost threads
PACMAN THREAD
Sending update message to notifications (125 bytes): op=4 width=10 height=10 tempo: 300 victory: 0 game_over: 0 accumulated_points: 0
WWWWWWWWWW
WP       W
W        W
W        W
W   M    W
W       MW
W        W
W        W
W        W
WWWWWWWWWW
WRITING IN: 8
.OPCODE FROM PLAY 3
COMMAND FROM PLAY K
comand read
Receiving play message (2 bytes): op=3 command=K
KEY K
Pacman thread joined
Sending update message to notifications (125 bytes): op=4 width=10 height=10 tempo: 300 victory: 0 game_over: 0 accumulated_points: 0
WWWWWWWWWW
WP       W
W        W
W        W
W   M    W
W       MW
W        W
W        W
W        W
WWWWWWWWWW
WRITING IN: 8
.Ghost threads joined
Freed ghost tids
Freed pacman arg
Freed ncurses arg
Freed pacman retval
Result from pacman thread: 0
Accumulated points: 0
Creating threads
Created pacman thread
Created ghost threads
PACMAN THREAD
Sending update message to notifications (125 bytes): op=4 width=10 height=10 tempo: 300 victory: 0 game_over: 0 accumulated_points: 0
WWWWWWWWWW
WP       W
W        W
W        W
W        W
W   M   MW
W        W
W        W
W        W
WWWWWWWWWW
WRITING IN: 8
.OPCODE FROM PLAY 3
COMMAND FROM PLAY S
comand read
Receiving play message (2 bytes): op=3 command=S
KEY S
Pacman thread joined
Sending update message to notifications (125 bytes): op=4 width=10 height=10 tempo: 300 victory: 0 game_over: 0 accumulated_points: 0
WWWWWWWWWW
W        W
WP       W
W        W
W        W
W   M  M W
W        W
W        W
W        W
WWWWWWWWWW
WRITING IN: 8
.Sending update message to notifications (125 bytes): op=4 width=10 height=10 tempo: 300 victory: 0 game_over: 0 accumulated_points: 0
WWWWWWWWWW
W        W
WP       W
W        W
W        W
W   M  M W
W        W
W        W
W        W
WWWWWWWWWW
WRITING IN: 8
.Ghost threads joined
Freed ghost tids
Freed pacman arg
Freed ncurses arg
Freed pacman retval
Result from pacman thread: 0
Accumulated points: 1
Creating threads
Created pacman thread
Created ghost threads
PACMAN THREAD
OPCODE FROM PLAY 3
COMMAND FROM PLAY S
comand read
Receiving play message (2 bytes): op=3 command=S
KEY S
Pacman thread joined
Sending update message to notifications (125 bytes): op=4 width=10 height=10 tempo: 300 victory: 0 game_over: 0 accumulated_points: 1
WWWWWWWWWW
W        W
W        W
WP       W
W   M    W
W     M  W
W        W
W        W
W        W
WWWWWWWWWW
WRITING IN: 8
.Sending update message to notifications (125 bytes): op=4 width=10 height=10 tempo: 300 victory: 0 game_over: 0 accumulated_points: 1
WWWWWWWWWW
W        W
W        W
WP       W
W   M    W
W     M  W
W        W
W        W
W        W
WWWWWWWWWW
WRITING IN: 8
.Ghost threads joined
Freed ghost tids
Freed pacman arg
Freed ncurses arg
Freed pacman retval
Result from pacman thread: 0
Accumulated points: 2
Creating threads
Created pacman thread
Created ghost threads
PACMAN THREAD
Sending update message to notifications (125 bytes): op=4 width=10 height=10 tempo: 300 victory: 0 game_over: 0 accumulated_points: 2
WWWWWWWWWW
W        W
W        W
WP  M    W
W        W
W      M W
W        W
W        W
W        W
WWWWWWWWWW
WRITING IN: 8
.OPCODE FROM PLAY 3
COMMAND FROM PLAY K
comand read
Receiving play message (2 bytes): op=3 command=K
KEY K
Pacman thread joined
Sending update message to notifications (125 bytes): op=4 width=10 height=10 tempo: 300 victory: 0 game_over: 0 accumulated_points: 2
WWWWWWWWWW
W        W
W        W
WP  M    W
W        W
W      M W
W        W
W        W
W        W
WWWWWWWWWW
WRITING IN: 8
.Ghost threads joined
Freed ghost tids
Freed pacman arg
Freed ncurses arg
Freed pacman retval
Result from pacman thread: 0
Accumulated points: 2
Creating threads
Created pacman thread
Created ghost threads
PACMAN THREAD
Sending update message to notifications (125 bytes): op=4 width=10 height=10 tempo: 300 victory: 0 game_over: 0 accumulated_points: 2
WWWWWWWWWW
W        W
W        W
WP       W
W   M    W
W       MW
W        W
W        W
W        W
WWWWWWWWWW
WRITING IN: 8
.Sending update message to notifications (125 bytes): op=4 width=10 height=10 tempo: 300 victory: 0 game_over: 0 accumulated_points: 2
WWWWWWWWWW
W        W
W        W
WP       W
W        W
W   M   MW
W        W
W        W
W        W
WWWWWWWWWW
WRITING IN: 8
.OPCODE FROM PLAY 3
COMMAND FROM PLAY K
comand read
Receiving play message (2 bytes): op=3 command=K
KEY K
Pacman thread joined
Sending update message to notifications (125 bytes): op=4 width=10 height=10 tempo: 300 victory: 0 game_over: 0 accumulated_points: 2
WWWWWWWWWW
W        W
W        W
WP       W
W        W
W   M  M W
W        W
W        W
W        W
WWWWWWWWWW
WRITING IN: 8
.Sending update message to notifications (125 bytes): op=4 width=10 height=10 tempo: 300 victory: 0 game_over: 0 accumulated_points: 2
WWWWWWWWWW
W        W
W        W
WP       W
W        W
W   M  M W
W        W
W        W
W        W
WWWWWWWWWW
WRITING IN: 8
.Ghost threads joined
Freed ghost tids
Freed pacman arg
Freed ncurses arg
Freed pacman retval
Result from pacman thread: 0
Accumulated points: 2
Creating threads
Created pacman thread
Created ghost threads
PACMAN THREAD
OPCODE FROM PLAY 3
COMMAND FROM PLAY S
comand read
Receiving play message (2 bytes): op=3 command=S
KEY S
Pacman thread joined
Sending update message to notifications (125 bytes): op=4 width=10 height=10 tempo: 300 victory: 0 game_over: 0 accumulated_points: 2
WWWWWWWWWW
W        W
W        W
W        W
WP       W
W   M  M W
W        W
W        W
W        W
WWWWWWWWWW
WRITING IN: 8
.Sending update message to notifications (125 bytes): op=4 width=10 height=10 tempo: 300 victory: 0 game_over: 0 accumulated_points: 2
WWWWWWWWWW
W        W
W        W
W        W
WP       W
W   M  M W
W        W
W        W
W        W
WWWWWWWWWW
WRITING IN: 8
.Ghost threads joined
Freed ghost tids
Freed pacman arg
Freed ncurses arg
Freed pacman retval
Result from pacman thread: 0
Accumulated points: 3
Creating threads
Created pacman thread
Created ghost threads
PACMAN THREAD
Sending update message to notifications (125 bytes): op=4 width=10 height=10 tempo: 300 victory: 0 game_over: 0 accumulated_points: 3
WWWWWWWWWW
W        W
W        W
W        W
WP  M    W
W     M  W
W        W
W        W
W        W
WWWWWWWWWW
WRITING IN: 8
.OPCODE FROM PLAY 3
COMMAND FROM PLAY K
comand read
Receiving play message (2 bytes): op=3 command=K
KEY K
Pacman thread joined
Sending update message to notifications (125 bytes): op=4 width=10 height=10 tempo: 300 victory: 0 game_over: 0 accumulated_points: 3
WWWWWWWWWW
W        W
W        W
W        W
WP  M    W
W     M  W
W        W
W        W
W        W
WWWWWWWWWW
WRITING IN: 8
.Sending update message to notifications (125 bytes): op=4 width=10 height=10 tempo: 300 victory: 0 game_over: 0 accumulated_points: 3
WWWWWWWWWW
W        W
W        W
W        W
WP  M    W
W     M  W
W        W
W        W
W        W
WWWWWWWWWW
WRITING IN: 8
.Ghost threads joined
Freed ghost tids
Freed pacman arg
Freed ncurses arg
Freed pacman retval
Result from pacman thread: 0
Accumulated points: 3
Creating threads
Created pacman thread
Created ghost threads
PACMAN THREAD
OPCODE FROM PLAY 3
COMMAND FROM PLAY S
comand read
Receiving play message (2 bytes): op=3 command=S
KEY S
Pacman thread joined
Sending update message to notifications (125 bytes): op=4 width=10 height=10 tempo: 300 victory: 0 game_over: 0 accumulated_points: 3
WWWWWWWWWW
W        W
W        W
W        W
W   M    W
WP    M  W
W        W
W        W
W        W
WWWWWWWWWW
WRITING IN: 8
.Sending update message to notifications (125 bytes): op=4 width=10 height=10 tempo: 300 victory: 0 game_over: 0 accumulated_points: 3
WWWWWWWWWW
W        W
W        W
W        W
W   M    W
WP    M  W
W        W
W        W
W        W
WWWWWWWWWW
WRITING IN: 8
.Ghost threads joined
Freed ghost tids
Freed pacman arg
Freed ncurses arg
Freed pacman retval
Result from pacman thread: 0
Accumulated points: 4
Creating threads
Created pacman thread
Created ghost threads
PACMAN THREAD
OPCODE FROM PLAY 3
COMMAND FROM PLAY K
comand read
Receiving play message (2 bytes): op=3 command=K
KEY K
Pacman thread joined
Sending update message to notifications (125 bytes): op=4 width=10 height=10 tempo: 300 victory: 0 game_over: 0 accumulated_points: 4
WWWWWWWWWW
W        W
W        W
W   M    W
W        W
WP     M W
W        W
W        W
W        W
WWWWWWWWWW
WRITING IN: 8
.Sending update message to notifications (125 bytes): op=4 width=10 height=10 tempo: 300 victory: 0 game_over: 0 accumulated_points: 4
WWWWWWWWWW
W        W
W        W
W   M    W
W        W
WP     M W
W        W
W        W
W        W
WWWWWWWWWW
WRITING IN: 8
.Sending update message to notifications (125 bytes): op=4 width=10 height=10 tempo: 300 victory: 0 game_over: 0 accumulated_points: 4
WWWWWWWWWW
W        W
W        W
W   M    W
W        W
WP     M W
W        W
W        W
W        W
WWWWWWWWWW
WRITING IN: 8
.Ghost threads joined
Freed ghost tids
Freed pacman arg
Freed ncurses arg
Freed pacman retval
Result from pacman thread: 0
Accumulated points: 4
Creating threads
Created pacman thread
Created ghost threads
PACMAN THREAD
OPCODE FROM PLAY 3
COMMAND FROM PLAY S
comand read
Receiving play message (2 bytes): op=3 command=S
KEY S
Pacman thread joined
Sending update message to notifications (125 bytes): op=4 width=10 height=10 tempo: 300 victory: 0 game_over: 0 accumulated_points: 4
WWWWWWWWWW
W        W
W        W
W   M    W
W        W
W      M W
WP       W
W        W
W        W
WWWWWWWWWW
WRITING IN: 8
.Ghost threads joined
Freed ghost tids
Freed pacman arg
Freed ncurses arg
Freed pacman retval
Result from pacman thread: 0
Accumulated points: 5
Creating threads
Created pacman thread
Created ghost threads
PACMAN THREAD
OPCODE FROM PLAY 3
COMMAND FROM PLAY K
comand read
Receiving play message (2 bytes): op=3 command=K
KEY K
Sending update message to notifications (125 bytes): op=4 width=10 height=10 tempo: 300 victory: 0 game_over: 0 accumulated_points: 5
WWWPacman thread joined
WWWWWWW
W        W
W        W
W   M    W
W        W
W      M W
WP       W
W        W
W        W
WWWWWWWWWW
WRITING IN: 8
.Sending update message to notifications (125 bytes): op=4 width=10 height=10 tempo: 300 victory: 0 game_over: 0 accumulated_points: 5
WWWWWWWWWW
W        W
W        W
W   M    W
W        W
W      M W
WP       W
W        W
W        W
WWWWWWWWWW
WRITING IN: 8
.Ghost threads joined
Freed ghost tids
Freed pacman arg
Freed ncurses arg
Freed pacman retval
Result from pacman thread: 0
Accumulated points: 5
Creating threads
Created pacman thread
Created ghost threads
PACMAN THREAD
Sending update message to notifications (125 bytes): op=4 width=10 height=10 tempo: 300 victory: 0 game_over: 0 accumulated_points: 5
WWWWWWWWWW
W        W
W        W
W   M    W
W        W
W       MW
WP       W
W        W
W        W
WWWWWWWWWW
WRITING IN: 8
.Sending update message to notifications (125 bytes): op=4 width=10 height=10 tempo: 300 victory: 0 game_over: 0 accumulated_points: 5
WWWWWWWWWW
W        W
W        W
W        W
W        W
W   M  M W
WP       W
W        W
W        W
WWWWWWWWWW
WRITING IN: 8
.Sending update message to notifications (125 bytes): op=4 width=10 height=10 tempo: 300 victory: 0 game_over: 0 accumulated_points: 5
WWWWWWWWWW
W        W
W        W
W        W
W   M    W
W     M  W
WP       W
W        W
W        W
WWWWWWWWWW
WRITING IN: 8
.Sending update message to notifications (125 bytes): op=4 width=10 height=10 tempo: 300 victory: 0 game_over: 0 accumulated_points: 5
WWWWWWWWWW
W        W
W        W
W   M    W
W        W
W      M W
WP       W
W        W
W        W
WWWWWWWWWW
WRITING IN: 8
.Sending update message to notifications (125 bytes): op=4 width=10 height=10 tempo: 300 victory: 0 game_over: 0 accumulated_points: 5
WWWWWWWWWW
W        W
W        W
W        W
W   M    W
W       MW
WP       W
W        W
W        W
WWWWWWWWWW
WRITING IN: 8
.Sending update message to notifications (125 bytes): op=4 width=10 height=10 tempo: 300 victory: 0 game_over: 0 accumulated_points: 5
WWWWWWWWWW
W        W
W        W
W        W
W        W
W   M  M W
WP       W
W        W
W        W
WWWWWWWWWW
WRITING IN: 8
.Sending update message to notifications (125 bytes): op=4 width=10 height=10 tempo: 300 victory: 0 game_over: 0 accumulated_points: 5
WWWWWWWWWW
W        W
W        W
W        W
W   M    W
W     M  W
WP       W
W        W
W        W
WWWWWWWWWW
WRITING IN: 8
.Sending update message to notifications (125 bytes): op=4 width=10 height=10 tempo: 300 victory: 0 game_over: 0 accumulated_points: 5
WWWWWWWWWW
W        W
W        W
W   M    W
W        W
W      M W
WP       W
W        W
W        W
WWWWWWWWWW
WRITING IN: 8
.Sending update message to notifications (125 bytes): op=4 width=10 height=10 tempo: 300 victory: 0 game_over: 0 accumulated_points: 5
WWWWWWWWWW
W        W
W        W
W        W
W   M    W
W       MW
WP       W
W        W
W        W
WWWWWWWWWW
WRITING IN: 8
.Sending update message to notifications (125 bytes): op=4 width=10 height=10 tempo: 300 victory: 0 game_over: 0 accumulated_points: 5
WWWWWWWWWW
W        W
W        W
W        W
W        W
W   M  M W
WP       W
W        W
W        W
WWWWWWWWWW
WRITING IN: 8
.Sending update message to notifications (125 bytes): op=4 width=10 height=10 tempo: 300 victory: 0 game_over: 0 accumulated_points: 5
WWWWWWWWWW
W        W
W        W
W        W
W   M    W
W     M  W
WP       W
W        W
W        W
WWWWWWWWWW
WRITING IN: 8
.Sending update message to notifications (125 bytes): op=4 width=10 height=10 tempo: 300 victory: 0 game_over: 0 accumulated_points: 5
WWWWWWWWWW
W        W
W        W
W   M    W
W        W
W      M W
WP       W
W        W
W        W
WWWWWWWWWW
WRITING IN: 8
.Sending update message to notifications (125 bytes): op=4 width=10 height=10 tempo: 300 victory: 0 game_over: 0 accumulated_points: 5
WWWWWWWWWW
W        W
W        W
W        W
W   M    W
W       MW
WP       W
W        W
W        W
WWWWWWWWWW
WRITING IN: 8
.Sending update message to notifications (125 bytes): op=4 width=10 height=10 tempo: 300 victory: 0 game_over: 0 accumulated_points: 5
WWWWWWWWWW
W        W
W        W
W        W
W        W
W   M  M W
WP       W
W        W
W        W
WWWWWWWWWW
WRITING IN: 8
.Sending update message to notifications (125 bytes): op=4 width=10 height=10 tempo: 300 victory: 0 game_over: 0 accumulated_points: 5
WWWWWWWWWW
W        W
W        W
W        W
W   M    W
W     M  W
WP       W
W        W
W        W
WWWWWWWWWW
WRITING IN: 8
.Sending update message to notifications (125 bytes): op=4 width=10 height=10 tempo: 300 victory: 0 game_over: 0 accumulated_points: 5
WWWWWWWWWW
W        W
W        W
W   M    W
W        W
W      M W
WP       W
W        W
W        W
WWWWWWWWWW
WRITING IN: 8
.Sending update message to notifications (125 bytes): op=4 width=10 height=10 tempo: 300 victory: 0 game_over: 0 accumulated_points: 5
WWWWWWWWWW
W        W
W        W
W        W
W   M    W
W       MW
WP       W
W        W
W        W
WWWWWWWWWW
WRITING IN: 8
.Sending update message to notifications (125 bytes): op=4 width=10 height=10 tempo: 300 victory: 0 game_over: 0 accumulated_points: 5
WWWWWWWWWW
W        W
W        W
W        W
W        W
W   M  M W
WP       W
W        W
W        W
WWWWWWWWWW
WRITING IN: 8
.Sending update message to notifications (125 bytes): op=4 width=10 height=10 tempo: 300 victory: 0 game_over: 0 accumulated_points: 5
WWWWWWWWWW
W        W
W        W
W        W
W   M    W
W     M  W
WP       W
W        W
W        W
WWWWWWWWWW
WRITING IN: 8
.Sending update message to notifications (125 bytes): op=4 width=10 height=10 tempo: 300 victory: 0 game_over: 0 accumulated_points: 5
WWWWWWWWWW
W        W
W        W
W   M    W
W        W
W      M W
WP       W
W        W
W        W
WWWWWWWWWW
WRITING IN: 8
.Sending update message to notifications (125 bytes): op=4 width=10 height=10 tempo: 300 victory: 0 game_over: 0 accumulated_points: 5
WWWWWWWWWW
W        W
W        W
W        W
W   M    W
W       MW
WP       W
W        W
W        W
WWWWWWWWWW
WRITING IN: 8
.Sending update message to notifications (125 bytes): op=4 width=10 height=10 tempo: 300 victory: 0 game_over: 0 accumulated_points: 5
WWWWWWWWWW
W        W
W        W
W        W
W        W
W   M  M W
WP       W
W        W
W        W
WWWWWWWWWW
WRITING IN: 8
.Sending update message to notifications (125 bytes): op=4 width=10 height=10 tempo: 300 victory: 0 game_over: 0 accumulated_points: 5
WWWWWWWWWW
W        W
W        W
W        W
W   M    W
W     M  W
WP       W
W        W
W        W
WWWWWWWWWW
WRITING IN: 8
.Sending update message to notifications (125 bytes): op=4 width=10 height=10 tempo: 300 victory: 0 game_over: 0 accumulated_points: 5
WWWWWWWWWW
W        W
W        W
W   M    W
W        W
W      M W
WP       W
W        W
W        W
WWWWWWWWWW
WRITING IN: 8
.Sending update message to notifications (125 bytes): op=4 width=10 height=10 tempo: 300 victory: 0 game_over: 0 accumulated_points: 5
WWWWWWWWWW
W        W
W        W
W        W
W   M    W
W       MW
WP       W
W        W
W        W
WWWWWWWWWW
WRITING IN: 8
.Sending update message to notifications (125 bytes): op=4 width=10 height=10 tempo: 300 victory: 0 game_over: 0 accumulated_points: 5
WWWWWWWWWW
W        W
W        W
W        W
W        W
W   M  M W
WP       W
W        W
W        W
WWWWWWWWWW
WRITING IN: 8
.Sending update message to notifications (125 bytes): op=4 width=10 height=10 tempo: 300 victory: 0 game_over: 0 accumulated_points: 5
WWWWWWWWWW
W        W
W        W
W        W
W   M    W
W     M  W
WP       W
W        W
W        W
WWWWWWWWWW
WRITING IN: 8
.Sending update message to notifications (125 bytes): op=4 width=10 height=10 tempo: 300 victory: 0 game_over: 0 accumulated_points: 5
WWWWWWWWWW
W        W
W        W
W   M    W
W        W
W      M W
WP       W
W        W
W        W
WWWWWWWWWW
WRITING IN: 8
.Sending update message to notifications (125 bytes): op=4 width=10 height=10 tempo: 300 victory: 0 game_over: 0 accumulated_points: 5
WWWWWWWWWW
W        W
W        W
W        W
W   M    W
W       MW
WP       W
W        W
W        W
WWWWWWWWWW
WRITING IN: 8
.Sending update message to notifications (125 bytes): op=4 width=10 height=10 tempo: 300 victory: 0 game_over: 0 accumulated_points: 5
WWWWWWWWWW
W        W
W        W
W        W
W        W
W   M  M W
WP       W
W        W
W        W
WWWWWWWWWW
WRITING IN: 8
.Sending update message to notifications (125 bytes): op=4 width=10 height=10 tempo: 300 victory: 0 game_over: 0 accumulated_points: 5
WWWWWWWWWW
W        W
W        W
W        W
W   M    W
W     M  W
WP       W
W        W
W        W
WWWWWWWWWW
WRITING IN: 8
.Sending update message to notifications (125 bytes): op=4 width=10 height=10 tempo: 300 victory: 0 game_over: 0 accumulated_points: 5
WWWWWWWWWW
W        W
W        W
W   M    W
W        W
W      M W
WP       W
W        W
W        W
WWWWWWWWWW
WRITING IN: 8
.Sending update message to notifications (125 bytes): op=4 width=10 height=10 tempo: 300 victory: 0 game_over: 0 accumulated_points: 5
WWWWWWWWWW
W        W
W        W
W        W
W   M    W
W       MW
WP       W
W        W
W        W
WWWWWWWWWW
WRITING IN: 8
.Sending update message to notifications (125 bytes): op=4 width=10 height=10 tempo: 300 victory: 0 game_over: 0 accumulated_points: 5
WWWWWWWWWW
W        W
W        W
W        W
W        W
W   M  M W
WP       W
W        W
W        W
WWWWWWWWWW
WRITING IN: 8
.Sending update message to notifications (125 bytes): op=4 width=10 height=10 tempo: 300 victory: 0 game_over: 0 accumulated_points: 5
WWWWWWWWWW
W        W
W        W
W        W
W   M    W
W     M  W
WP       W
W        W
W        W
WWWWWWWWWW
WRITING IN: 8
.Sending update message to notifications (125 bytes): op=4 width=10 height=10 tempo: 300 victory: 0 game_over: 0 accumulated_points: 5
WWWWWWWWWW
W        W
W        W
W   M    W
W        W
W      M W
WP       W
W        W
W        W
WWWWWWWWWW
WRITING IN: 8
.Sending update message to notifications (125 bytes): op=4 width=10 height=10 tempo: 300 victory: 0 game_over: 0 accumulated_points: 5
WWWWWWWWWW
W        W
W        W
W        W
W   M    W
W       MW
WP       W
W        W
W        W
WWWWWWWWWW
WRITING IN: 8
.Sending update message to notifications (125 bytes): op=4 width=10 height=10 tempo: 300 victory: 0 game_over: 0 accumulated_points: 5
WWWWWWWWWW
W        W
W        W
W        W
W        W
W   M  M W
WP       W
W        W
W        W
WWWWWWWWWW
WRITING IN: 8
.Sending update message to notifications (125 bytes): op=4 width=10 height=10 tempo: 300 victory: 0 game_over: 0 accumulated_points: 5
WWWWWWWWWW
W        W
W        W
W        W
W   M    W
W     M  W
WP       W
W        W
W        W
WWWWWWWWWW
WRITING IN: 8
.Sending update message to notifications (125 bytes): op=4 width=10 height=10 tempo: 300 victory: 0 game_over: 0 accumulated_points: 5
WWWWWWWWWW
W        W
W        W
W   M    W
W        W
W      M W
WP       W
W        W
W        W
WWWWWWWWWW
WRITING IN: 8
.Sending update message to notifications (125 bytes): op=4 width=10 height=10 tempo: 300 victory: 0 game_over: 0 accumulated_points: 5
WWWWWWWWWW
W        W
W        W
W        W
W   M    W
W       MW
WP       W
W        W
W        W
WWWWWWWWWW
WRITING IN: 8
.Sending update message to notifications (125 bytes): op=4 width=10 height=10 tempo: 300 victory: 0 game_over: 0 accumulated_points: 5
WWWWWWWWWW
W        W
W        W
W        W
W        W
W   M  M W
WP       W
W        W
W        W
WWWWWWWWWW
WRITING IN: 8
.Sending update message to notifications (125 bytes): op=4 width=10 height=10 tempo: 300 victory: 0 game_over: 0 accumulated_points: 5
WWWWWWWWWW
W        W
W        W
W        W
W        W
W   M M  W
WP       W
W        W
W        W
WWWWWWWWWW
WRITING IN: 8
.Sending update message to notifications (125 bytes): op=4 width=10 height=10 tempo: 300 victory: 0 game_over: 0 accumulated_points: 5
WWWWWWWWWW
W        W
W        W
W   M    W
W        W
W      M W
WP       W
W        W
W        W
WWWWWWWWWW
WRITING IN: 8
.